<?xml version="1.0" encoding="UTF-8"?>
<testsuite xmlns:xsi="http://www.w3.org/2001/XMLSchema-instance" xsi:noNamespaceSchemaLocation="https://maven.apache.org/surefire/maven-surefire-plugin/xsd/surefire-test-report-3.0.xsd" version="3.0" name="TestSuite" time="378.424" tests="5" errors="0" skipped="0" failures="3">
  <properties>
    <property name="sun.desktop" value="windows"/>
    <property name="awt.toolkit" value="sun.awt.windows.WToolkit"/>
    <property name="java.specification.version" value="11"/>
    <property name="sun.cpu.isalist" value="amd64"/>
    <property name="sun.jnu.encoding" value="Cp1252"/>
    <property name="java.class.path" value="E:\Java Videos\Selenium\Sel Video\hms7.6\target\test-classes;E:\Java Videos\Selenium\Sel Video\hms7.6\target\classes;C:\Users\Admin\.m2\repository\org\seleniumhq\selenium\selenium-java\4.8.1\selenium-java-4.8.1.jar;C:\Users\Admin\.m2\repository\org\seleniumhq\selenium\selenium-api\4.8.1\selenium-api-4.8.1.jar;C:\Users\Admin\.m2\repository\org\seleniumhq\selenium\selenium-chrome-driver\4.8.1\selenium-chrome-driver-4.8.1.jar;C:\Users\Admin\.m2\repository\com\google\auto\service\auto-service-annotations\1.0.1\auto-service-annotations-1.0.1.jar;C:\Users\Admin\.m2\repository\com\google\auto\service\auto-service\1.0.1\auto-service-1.0.1.jar;C:\Users\Admin\.m2\repository\com\google\auto\auto-common\1.2\auto-common-1.2.jar;C:\Users\Admin\.m2\repository\com\google\guava\guava\31.1-jre\guava-31.1-jre.jar;C:\Users\Admin\.m2\repository\com\google\guava\failureaccess\1.0.1\failureaccess-1.0.1.jar;C:\Users\Admin\.m2\repository\com\google\guava\listenablefuture\9999.0-empty-to-avoid-conflict-with-guava\listenablefuture-9999.0-empty-to-avoid-conflict-with-guava.jar;C:\Users\Admin\.m2\repository\com\google\code\findbugs\jsr305\3.0.2\jsr305-3.0.2.jar;C:\Users\Admin\.m2\repository\org\checkerframework\checker-qual\3.12.0\checker-qual-3.12.0.jar;C:\Users\Admin\.m2\repository\com\google\errorprone\error_prone_annotations\2.11.0\error_prone_annotations-2.11.0.jar;C:\Users\Admin\.m2\repository\com\google\j2objc\j2objc-annotations\1.3\j2objc-annotations-1.3.jar;C:\Users\Admin\.m2\repository\org\seleniumhq\selenium\selenium-chromium-driver\4.8.1\selenium-chromium-driver-4.8.1.jar;C:\Users\Admin\.m2\repository\org\seleniumhq\selenium\selenium-json\4.8.1\selenium-json-4.8.1.jar;C:\Users\Admin\.m2\repository\org\seleniumhq\selenium\selenium-devtools-v108\4.8.1\selenium-devtools-v108-4.8.1.jar;C:\Users\Admin\.m2\repository\org\seleniumhq\selenium\selenium-devtools-v109\4.8.1\selenium-devtools-v109-4.8.1.jar;C:\Users\Admin\.m2\repository\org\seleniumhq\selenium\selenium-devtools-v110\4.8.1\selenium-devtools-v110-4.8.1.jar;C:\Users\Admin\.m2\repository\org\seleniumhq\selenium\selenium-devtools-v85\4.8.1\selenium-devtools-v85-4.8.1.jar;C:\Users\Admin\.m2\repository\org\seleniumhq\selenium\selenium-edge-driver\4.8.1\selenium-edge-driver-4.8.1.jar;C:\Users\Admin\.m2\repository\org\seleniumhq\selenium\selenium-firefox-driver\4.8.1\selenium-firefox-driver-4.8.1.jar;C:\Users\Admin\.m2\repository\org\seleniumhq\selenium\selenium-http\4.8.1\selenium-http-4.8.1.jar;C:\Users\Admin\.m2\repository\dev\failsafe\failsafe\3.3.0\failsafe-3.3.0.jar;C:\Users\Admin\.m2\repository\org\seleniumhq\selenium\selenium-ie-driver\4.8.1\selenium-ie-driver-4.8.1.jar;C:\Users\Admin\.m2\repository\org\seleniumhq\selenium\selenium-remote-driver\4.8.1\selenium-remote-driver-4.8.1.jar;C:\Users\Admin\.m2\repository\io\netty\netty-buffer\4.1.87.Final\netty-buffer-4.1.87.Final.jar;C:\Users\Admin\.m2\repository\io\netty\netty-codec-http\4.1.87.Final\netty-codec-http-4.1.87.Final.jar;C:\Users\Admin\.m2\repository\io\netty\netty-codec\4.1.87.Final\netty-codec-4.1.87.Final.jar;C:\Users\Admin\.m2\repository\io\netty\netty-handler\4.1.87.Final\netty-handler-4.1.87.Final.jar;C:\Users\Admin\.m2\repository\io\netty\netty-common\4.1.87.Final\netty-common-4.1.87.Final.jar;C:\Users\Admin\.m2\repository\io\netty\netty-transport-classes-epoll\4.1.87.Final\netty-transport-classes-epoll-4.1.87.Final.jar;C:\Users\Admin\.m2\repository\io\netty\netty-transport-classes-kqueue\4.1.87.Final\netty-transport-classes-kqueue-4.1.87.Final.jar;C:\Users\Admin\.m2\repository\io\netty\netty-transport-native-epoll\4.1.87.Final\netty-transport-native-epoll-4.1.87.Final.jar;C:\Users\Admin\.m2\repository\io\netty\netty-transport-native-kqueue\4.1.87.Final\netty-transport-native-kqueue-4.1.87.Final.jar;C:\Users\Admin\.m2\repository\io\netty\netty-transport-native-unix-common\4.1.87.Final\netty-transport-native-unix-common-4.1.87.Final.jar;C:\Users\Admin\.m2\repository\io\netty\netty-transport\4.1.87.Final\netty-transport-4.1.87.Final.jar;C:\Users\Admin\.m2\repository\io\netty\netty-resolver\4.1.87.Final\netty-resolver-4.1.87.Final.jar;C:\Users\Admin\.m2\repository\io\opentelemetry\opentelemetry-api\1.22.0\opentelemetry-api-1.22.0.jar;C:\Users\Admin\.m2\repository\io\opentelemetry\opentelemetry-context\1.22.0\opentelemetry-context-1.22.0.jar;C:\Users\Admin\.m2\repository\io\opentelemetry\opentelemetry-exporter-logging\1.22.0\opentelemetry-exporter-logging-1.22.0.jar;C:\Users\Admin\.m2\repository\io\opentelemetry\opentelemetry-sdk-metrics\1.22.0\opentelemetry-sdk-metrics-1.22.0.jar;C:\Users\Admin\.m2\repository\io\opentelemetry\opentelemetry-sdk-logs\1.22.0-alpha\opentelemetry-sdk-logs-1.22.0-alpha.jar;C:\Users\Admin\.m2\repository\io\opentelemetry\opentelemetry-api-logs\1.22.0-alpha\opentelemetry-api-logs-1.22.0-alpha.jar;C:\Users\Admin\.m2\repository\io\opentelemetry\opentelemetry-sdk-common\1.22.0\opentelemetry-sdk-common-1.22.0.jar;C:\Users\Admin\.m2\repository\io\opentelemetry\opentelemetry-sdk-extension-autoconfigure-spi\1.22.0\opentelemetry-sdk-extension-autoconfigure-spi-1.22.0.jar;C:\Users\Admin\.m2\repository\io\opentelemetry\opentelemetry-sdk-extension-autoconfigure\1.22.0-alpha\opentelemetry-sdk-extension-autoconfigure-1.22.0-alpha.jar;C:\Users\Admin\.m2\repository\io\opentelemetry\opentelemetry-sdk-trace\1.22.0\opentelemetry-sdk-trace-1.22.0.jar;C:\Users\Admin\.m2\repository\io\opentelemetry\opentelemetry-sdk\1.22.0\opentelemetry-sdk-1.22.0.jar;C:\Users\Admin\.m2\repository\io\opentelemetry\opentelemetry-semconv\1.22.0-alpha\opentelemetry-semconv-1.22.0-alpha.jar;C:\Users\Admin\.m2\repository\io\ous\jtoml\2.0.0\jtoml-2.0.0.jar;C:\Users\Admin\.m2\repository\net\bytebuddy\byte-buddy\1.12.22\byte-buddy-1.12.22.jar;C:\Users\Admin\.m2\repository\org\apache\commons\commons-exec\1.3\commons-exec-1.3.jar;C:\Users\Admin\.m2\repository\org\asynchttpclient\async-http-client\2.12.3\async-http-client-2.12.3.jar;C:\Users\Admin\.m2\repository\org\asynchttpclient\async-http-client-netty-utils\2.12.3\async-http-client-netty-utils-2.12.3.jar;C:\Users\Admin\.m2\repository\io\netty\netty-codec-socks\4.1.60.Final\netty-codec-socks-4.1.60.Final.jar;C:\Users\Admin\.m2\repository\io\netty\netty-handler-proxy\4.1.60.Final\netty-handler-proxy-4.1.60.Final.jar;C:\Users\Admin\.m2\repository\io\netty\netty-transport-native-epoll\4.1.60.Final\netty-transport-native-epoll-4.1.60.Final-linux-x86_64.jar;C:\Users\Admin\.m2\repository\io\netty\netty-transport-native-kqueue\4.1.60.Final\netty-transport-native-kqueue-4.1.60.Final-osx-x86_64.jar;C:\Users\Admin\.m2\repository\com\typesafe\netty\netty-reactive-streams\2.0.4\netty-reactive-streams-2.0.4.jar;C:\Users\Admin\.m2\repository\com\sun\activation\jakarta.activation\1.2.2\jakarta.activation-1.2.2.jar;C:\Users\Admin\.m2\repository\org\seleniumhq\selenium\selenium-manager\4.8.1\selenium-manager-4.8.1.jar;C:\Users\Admin\.m2\repository\org\seleniumhq\selenium\selenium-safari-driver\4.8.1\selenium-safari-driver-4.8.1.jar;C:\Users\Admin\.m2\repository\org\seleniumhq\selenium\selenium-support\4.8.1\selenium-support-4.8.1.jar;C:\Users\Admin\.m2\repository\io\github\bonigarcia\webdrivermanager\5.3.2\webdrivermanager-5.3.2.jar;C:\Users\Admin\.m2\repository\org\slf4j\slf4j-api\2.0.6\slf4j-api-2.0.6.jar;C:\Users\Admin\.m2\repository\com\google\code\gson\gson\2.10.1\gson-2.10.1.jar;C:\Users\Admin\.m2\repository\com\github\docker-java\docker-java\3.2.14\docker-java-3.2.14.jar;C:\Users\Admin\.m2\repository\com\github\docker-java\docker-java-core\3.2.14\docker-java-core-3.2.14.jar;C:\Users\Admin\.m2\repository\com\github\docker-java\docker-java-api\3.2.14\docker-java-api-3.2.14.jar;C:\Users\Admin\.m2\repository\com\fasterxml\jackson\core\jackson-annotations\2.10.3\jackson-annotations-2.10.3.jar;C:\Users\Admin\.m2\repository\org\apache\commons\commons-compress\1.21\commons-compress-1.21.jar;C:\Users\Admin\.m2\repository\com\fasterxml\jackson\core\jackson-databind\2.10.3\jackson-databind-2.10.3.jar;C:\Users\Admin\.m2\repository\com\fasterxml\jackson\core\jackson-core\2.10.3\jackson-core-2.10.3.jar;C:\Users\Admin\.m2\repository\org\bouncycastle\bcpkix-jdk15on\1.64\bcpkix-jdk15on-1.64.jar;C:\Users\Admin\.m2\repository\org\bouncycastle\bcprov-jdk15on\1.64\bcprov-jdk15on-1.64.jar;C:\Users\Admin\.m2\repository\org\slf4j\jcl-over-slf4j\1.7.30\jcl-over-slf4j-1.7.30.jar;C:\Users\Admin\.m2\repository\com\github\docker-java\docker-java-transport-httpclient5\3.2.14\docker-java-transport-httpclient5-3.2.14.jar;C:\Users\Admin\.m2\repository\com\github\docker-java\docker-java-transport\3.2.14\docker-java-transport-3.2.14.jar;C:\Users\Admin\.m2\repository\net\java\dev\jna\jna\5.12.1\jna-5.12.1.jar;C:\Users\Admin\.m2\repository\org\brotli\dec\0.1.2\dec-0.1.2.jar;C:\Users\Admin\.m2\repository\org\apache\commons\commons-lang3\3.12.0\commons-lang3-3.12.0.jar;C:\Users\Admin\.m2\repository\org\apache\httpcomponents\client5\httpclient5\5.2.1\httpclient5-5.2.1.jar;C:\Users\Admin\.m2\repository\org\apache\httpcomponents\core5\httpcore5\5.2\httpcore5-5.2.jar;C:\Users\Admin\.m2\repository\org\apache\httpcomponents\core5\httpcore5-h2\5.2\httpcore5-h2-5.2.jar;C:\Users\Admin\.m2\repository\org\testng\testng\7.7.1\testng-7.7.1.jar;C:\Users\Admin\.m2\repository\com\beust\jcommander\1.82\jcommander-1.82.jar;C:\Users\Admin\.m2\repository\org\webjars\jquery\3.6.1\jquery-3.6.1.jar;C:\Users\Admin\.m2\repository\org\apache\poi\poi\3.9\poi-3.9.jar;C:\Users\Admin\.m2\repository\commons-codec\commons-codec\1.5\commons-codec-1.5.jar;C:\Users\Admin\.m2\repository\org\apache\poi\poi-ooxml\3.9\poi-ooxml-3.9.jar;C:\Users\Admin\.m2\repository\dom4j\dom4j\1.6.1\dom4j-1.6.1.jar;C:\Users\Admin\.m2\repository\xml-apis\xml-apis\1.0.b2\xml-apis-1.0.b2.jar;C:\Users\Admin\.m2\repository\org\apache\poi\poi-ooxml-schemas\3.9\poi-ooxml-schemas-3.9.jar;C:\Users\Admin\.m2\repository\org\apache\xmlbeans\xmlbeans\2.3.0\xmlbeans-2.3.0.jar;C:\Users\Admin\.m2\repository\stax\stax-api\1.0.1\stax-api-1.0.1.jar;C:\Users\Admin\.m2\repository\org\apache\poi\poi-scratchpad\3.9\poi-scratchpad-3.9.jar;C:\Users\Admin\.m2\repository\org\apache\poi\ooxml-schemas\1.1\ooxml-schemas-1.1.jar;C:\Users\Admin\.m2\repository\org\apache\poi\openxml4j\1.0-beta\openxml4j-1.0-beta.jar;C:\Users\Admin\.m2\repository\log4j\log4j\1.2.8\log4j-1.2.8.jar;C:\Users\Admin\.m2\repository\commons-io\commons-io\2.6\commons-io-2.6.jar;C:\Users\Admin\.m2\repository\com\aventstack\extentreports\5.0.9\extentreports-5.0.9.jar;C:\Users\Admin\.m2\repository\io\reactivex\rxjava3\rxjava\3.0.4\rxjava-3.0.4.jar;C:\Users\Admin\.m2\repository\org\reactivestreams\reactive-streams\1.0.3\reactive-streams-1.0.3.jar;C:\Users\Admin\.m2\repository\org\freemarker\freemarker\2.3.30\freemarker-2.3.30.jar;C:\Users\Admin\.m2\repository\org\projectlombok\lombok\1.18.12\lombok-1.18.12.jar;"/>
    <property name="sun.awt.enableExtraMouseButtons" value="true"/>
    <property name="java.vm.vendor" value="Oracle Corporation"/>
    <property name="sun.arch.data.model" value="64"/>
    <property name="user.variant" value=""/>
    <property name="java.vendor.url" value="https://openjdk.java.net/"/>
    <property name="user.timezone" value="Asia/Calcutta"/>
    <property name="java.vm.specification.version" value="11"/>
    <property name="os.name" value="Windows 10"/>
    <property name="sun.java.launcher" value="SUN_STANDARD"/>
    <property name="user.country" value="IN"/>
    <property name="sun.boot.library.path" value="C:\Program Files\Java\jdk-11\bin"/>
    <property name="sun.java.command" value="C:\Users\Admin\AppData\Local\Temp\surefire4483949181048936318\surefirebooter-20230619115700954_3.jar C:\Users\Admin\AppData\Local\Temp\surefire4483949181048936318 2023-06-19T11-57-00_639-jvmRun1 surefire-20230619115700954_1tmp surefire_0-20230619115700954_2tmp"/>
    <property name="jdk.debug" value="release"/>
    <property name="surefire.test.class.path" value="E:\Java Videos\Selenium\Sel Video\hms7.6\target\test-classes;E:\Java Videos\Selenium\Sel Video\hms7.6\target\classes;C:\Users\Admin\.m2\repository\org\seleniumhq\selenium\selenium-java\4.8.1\selenium-java-4.8.1.jar;C:\Users\Admin\.m2\repository\org\seleniumhq\selenium\selenium-api\4.8.1\selenium-api-4.8.1.jar;C:\Users\Admin\.m2\repository\org\seleniumhq\selenium\selenium-chrome-driver\4.8.1\selenium-chrome-driver-4.8.1.jar;C:\Users\Admin\.m2\repository\com\google\auto\service\auto-service-annotations\1.0.1\auto-service-annotations-1.0.1.jar;C:\Users\Admin\.m2\repository\com\google\auto\service\auto-service\1.0.1\auto-service-1.0.1.jar;C:\Users\Admin\.m2\repository\com\google\auto\auto-common\1.2\auto-common-1.2.jar;C:\Users\Admin\.m2\repository\com\google\guava\guava\31.1-jre\guava-31.1-jre.jar;C:\Users\Admin\.m2\repository\com\google\guava\failureaccess\1.0.1\failureaccess-1.0.1.jar;C:\Users\Admin\.m2\repository\com\google\guava\listenablefuture\9999.0-empty-to-avoid-conflict-with-guava\listenablefuture-9999.0-empty-to-avoid-conflict-with-guava.jar;C:\Users\Admin\.m2\repository\com\google\code\findbugs\jsr305\3.0.2\jsr305-3.0.2.jar;C:\Users\Admin\.m2\repository\org\checkerframework\checker-qual\3.12.0\checker-qual-3.12.0.jar;C:\Users\Admin\.m2\repository\com\google\errorprone\error_prone_annotations\2.11.0\error_prone_annotations-2.11.0.jar;C:\Users\Admin\.m2\repository\com\google\j2objc\j2objc-annotations\1.3\j2objc-annotations-1.3.jar;C:\Users\Admin\.m2\repository\org\seleniumhq\selenium\selenium-chromium-driver\4.8.1\selenium-chromium-driver-4.8.1.jar;C:\Users\Admin\.m2\repository\org\seleniumhq\selenium\selenium-json\4.8.1\selenium-json-4.8.1.jar;C:\Users\Admin\.m2\repository\org\seleniumhq\selenium\selenium-devtools-v108\4.8.1\selenium-devtools-v108-4.8.1.jar;C:\Users\Admin\.m2\repository\org\seleniumhq\selenium\selenium-devtools-v109\4.8.1\selenium-devtools-v109-4.8.1.jar;C:\Users\Admin\.m2\repository\org\seleniumhq\selenium\selenium-devtools-v110\4.8.1\selenium-devtools-v110-4.8.1.jar;C:\Users\Admin\.m2\repository\org\seleniumhq\selenium\selenium-devtools-v85\4.8.1\selenium-devtools-v85-4.8.1.jar;C:\Users\Admin\.m2\repository\org\seleniumhq\selenium\selenium-edge-driver\4.8.1\selenium-edge-driver-4.8.1.jar;C:\Users\Admin\.m2\repository\org\seleniumhq\selenium\selenium-firefox-driver\4.8.1\selenium-firefox-driver-4.8.1.jar;C:\Users\Admin\.m2\repository\org\seleniumhq\selenium\selenium-http\4.8.1\selenium-http-4.8.1.jar;C:\Users\Admin\.m2\repository\dev\failsafe\failsafe\3.3.0\failsafe-3.3.0.jar;C:\Users\Admin\.m2\repository\org\seleniumhq\selenium\selenium-ie-driver\4.8.1\selenium-ie-driver-4.8.1.jar;C:\Users\Admin\.m2\repository\org\seleniumhq\selenium\selenium-remote-driver\4.8.1\selenium-remote-driver-4.8.1.jar;C:\Users\Admin\.m2\repository\io\netty\netty-buffer\4.1.87.Final\netty-buffer-4.1.87.Final.jar;C:\Users\Admin\.m2\repository\io\netty\netty-codec-http\4.1.87.Final\netty-codec-http-4.1.87.Final.jar;C:\Users\Admin\.m2\repository\io\netty\netty-codec\4.1.87.Final\netty-codec-4.1.87.Final.jar;C:\Users\Admin\.m2\repository\io\netty\netty-handler\4.1.87.Final\netty-handler-4.1.87.Final.jar;C:\Users\Admin\.m2\repository\io\netty\netty-common\4.1.87.Final\netty-common-4.1.87.Final.jar;C:\Users\Admin\.m2\repository\io\netty\netty-transport-classes-epoll\4.1.87.Final\netty-transport-classes-epoll-4.1.87.Final.jar;C:\Users\Admin\.m2\repository\io\netty\netty-transport-classes-kqueue\4.1.87.Final\netty-transport-classes-kqueue-4.1.87.Final.jar;C:\Users\Admin\.m2\repository\io\netty\netty-transport-native-epoll\4.1.87.Final\netty-transport-native-epoll-4.1.87.Final.jar;C:\Users\Admin\.m2\repository\io\netty\netty-transport-native-kqueue\4.1.87.Final\netty-transport-native-kqueue-4.1.87.Final.jar;C:\Users\Admin\.m2\repository\io\netty\netty-transport-native-unix-common\4.1.87.Final\netty-transport-native-unix-common-4.1.87.Final.jar;C:\Users\Admin\.m2\repository\io\netty\netty-transport\4.1.87.Final\netty-transport-4.1.87.Final.jar;C:\Users\Admin\.m2\repository\io\netty\netty-resolver\4.1.87.Final\netty-resolver-4.1.87.Final.jar;C:\Users\Admin\.m2\repository\io\opentelemetry\opentelemetry-api\1.22.0\opentelemetry-api-1.22.0.jar;C:\Users\Admin\.m2\repository\io\opentelemetry\opentelemetry-context\1.22.0\opentelemetry-context-1.22.0.jar;C:\Users\Admin\.m2\repository\io\opentelemetry\opentelemetry-exporter-logging\1.22.0\opentelemetry-exporter-logging-1.22.0.jar;C:\Users\Admin\.m2\repository\io\opentelemetry\opentelemetry-sdk-metrics\1.22.0\opentelemetry-sdk-metrics-1.22.0.jar;C:\Users\Admin\.m2\repository\io\opentelemetry\opentelemetry-sdk-logs\1.22.0-alpha\opentelemetry-sdk-logs-1.22.0-alpha.jar;C:\Users\Admin\.m2\repository\io\opentelemetry\opentelemetry-api-logs\1.22.0-alpha\opentelemetry-api-logs-1.22.0-alpha.jar;C:\Users\Admin\.m2\repository\io\opentelemetry\opentelemetry-sdk-common\1.22.0\opentelemetry-sdk-common-1.22.0.jar;C:\Users\Admin\.m2\repository\io\opentelemetry\opentelemetry-sdk-extension-autoconfigure-spi\1.22.0\opentelemetry-sdk-extension-autoconfigure-spi-1.22.0.jar;C:\Users\Admin\.m2\repository\io\opentelemetry\opentelemetry-sdk-extension-autoconfigure\1.22.0-alpha\opentelemetry-sdk-extension-autoconfigure-1.22.0-alpha.jar;C:\Users\Admin\.m2\repository\io\opentelemetry\opentelemetry-sdk-trace\1.22.0\opentelemetry-sdk-trace-1.22.0.jar;C:\Users\Admin\.m2\repository\io\opentelemetry\opentelemetry-sdk\1.22.0\opentelemetry-sdk-1.22.0.jar;C:\Users\Admin\.m2\repository\io\opentelemetry\opentelemetry-semconv\1.22.0-alpha\opentelemetry-semconv-1.22.0-alpha.jar;C:\Users\Admin\.m2\repository\io\ous\jtoml\2.0.0\jtoml-2.0.0.jar;C:\Users\Admin\.m2\repository\net\bytebuddy\byte-buddy\1.12.22\byte-buddy-1.12.22.jar;C:\Users\Admin\.m2\repository\org\apache\commons\commons-exec\1.3\commons-exec-1.3.jar;C:\Users\Admin\.m2\repository\org\asynchttpclient\async-http-client\2.12.3\async-http-client-2.12.3.jar;C:\Users\Admin\.m2\repository\org\asynchttpclient\async-http-client-netty-utils\2.12.3\async-http-client-netty-utils-2.12.3.jar;C:\Users\Admin\.m2\repository\io\netty\netty-codec-socks\4.1.60.Final\netty-codec-socks-4.1.60.Final.jar;C:\Users\Admin\.m2\repository\io\netty\netty-handler-proxy\4.1.60.Final\netty-handler-proxy-4.1.60.Final.jar;C:\Users\Admin\.m2\repository\io\netty\netty-transport-native-epoll\4.1.60.Final\netty-transport-native-epoll-4.1.60.Final-linux-x86_64.jar;C:\Users\Admin\.m2\repository\io\netty\netty-transport-native-kqueue\4.1.60.Final\netty-transport-native-kqueue-4.1.60.Final-osx-x86_64.jar;C:\Users\Admin\.m2\repository\com\typesafe\netty\netty-reactive-streams\2.0.4\netty-reactive-streams-2.0.4.jar;C:\Users\Admin\.m2\repository\com\sun\activation\jakarta.activation\1.2.2\jakarta.activation-1.2.2.jar;C:\Users\Admin\.m2\repository\org\seleniumhq\selenium\selenium-manager\4.8.1\selenium-manager-4.8.1.jar;C:\Users\Admin\.m2\repository\org\seleniumhq\selenium\selenium-safari-driver\4.8.1\selenium-safari-driver-4.8.1.jar;C:\Users\Admin\.m2\repository\org\seleniumhq\selenium\selenium-support\4.8.1\selenium-support-4.8.1.jar;C:\Users\Admin\.m2\repository\io\github\bonigarcia\webdrivermanager\5.3.2\webdrivermanager-5.3.2.jar;C:\Users\Admin\.m2\repository\org\slf4j\slf4j-api\2.0.6\slf4j-api-2.0.6.jar;C:\Users\Admin\.m2\repository\com\google\code\gson\gson\2.10.1\gson-2.10.1.jar;C:\Users\Admin\.m2\repository\com\github\docker-java\docker-java\3.2.14\docker-java-3.2.14.jar;C:\Users\Admin\.m2\repository\com\github\docker-java\docker-java-core\3.2.14\docker-java-core-3.2.14.jar;C:\Users\Admin\.m2\repository\com\github\docker-java\docker-java-api\3.2.14\docker-java-api-3.2.14.jar;C:\Users\Admin\.m2\repository\com\fasterxml\jackson\core\jackson-annotations\2.10.3\jackson-annotations-2.10.3.jar;C:\Users\Admin\.m2\repository\org\apache\commons\commons-compress\1.21\commons-compress-1.21.jar;C:\Users\Admin\.m2\repository\com\fasterxml\jackson\core\jackson-databind\2.10.3\jackson-databind-2.10.3.jar;C:\Users\Admin\.m2\repository\com\fasterxml\jackson\core\jackson-core\2.10.3\jackson-core-2.10.3.jar;C:\Users\Admin\.m2\repository\org\bouncycastle\bcpkix-jdk15on\1.64\bcpkix-jdk15on-1.64.jar;C:\Users\Admin\.m2\repository\org\bouncycastle\bcprov-jdk15on\1.64\bcprov-jdk15on-1.64.jar;C:\Users\Admin\.m2\repository\org\slf4j\jcl-over-slf4j\1.7.30\jcl-over-slf4j-1.7.30.jar;C:\Users\Admin\.m2\repository\com\github\docker-java\docker-java-transport-httpclient5\3.2.14\docker-java-transport-httpclient5-3.2.14.jar;C:\Users\Admin\.m2\repository\com\github\docker-java\docker-java-transport\3.2.14\docker-java-transport-3.2.14.jar;C:\Users\Admin\.m2\repository\net\java\dev\jna\jna\5.12.1\jna-5.12.1.jar;C:\Users\Admin\.m2\repository\org\brotli\dec\0.1.2\dec-0.1.2.jar;C:\Users\Admin\.m2\repository\org\apache\commons\commons-lang3\3.12.0\commons-lang3-3.12.0.jar;C:\Users\Admin\.m2\repository\org\apache\httpcomponents\client5\httpclient5\5.2.1\httpclient5-5.2.1.jar;C:\Users\Admin\.m2\repository\org\apache\httpcomponents\core5\httpcore5\5.2\httpcore5-5.2.jar;C:\Users\Admin\.m2\repository\org\apache\httpcomponents\core5\httpcore5-h2\5.2\httpcore5-h2-5.2.jar;C:\Users\Admin\.m2\repository\org\testng\testng\7.7.1\testng-7.7.1.jar;C:\Users\Admin\.m2\repository\com\beust\jcommander\1.82\jcommander-1.82.jar;C:\Users\Admin\.m2\repository\org\webjars\jquery\3.6.1\jquery-3.6.1.jar;C:\Users\Admin\.m2\repository\org\apache\poi\poi\3.9\poi-3.9.jar;C:\Users\Admin\.m2\repository\commons-codec\commons-codec\1.5\commons-codec-1.5.jar;C:\Users\Admin\.m2\repository\org\apache\poi\poi-ooxml\3.9\poi-ooxml-3.9.jar;C:\Users\Admin\.m2\repository\dom4j\dom4j\1.6.1\dom4j-1.6.1.jar;C:\Users\Admin\.m2\repository\xml-apis\xml-apis\1.0.b2\xml-apis-1.0.b2.jar;C:\Users\Admin\.m2\repository\org\apache\poi\poi-ooxml-schemas\3.9\poi-ooxml-schemas-3.9.jar;C:\Users\Admin\.m2\repository\org\apache\xmlbeans\xmlbeans\2.3.0\xmlbeans-2.3.0.jar;C:\Users\Admin\.m2\repository\stax\stax-api\1.0.1\stax-api-1.0.1.jar;C:\Users\Admin\.m2\repository\org\apache\poi\poi-scratchpad\3.9\poi-scratchpad-3.9.jar;C:\Users\Admin\.m2\repository\org\apache\poi\ooxml-schemas\1.1\ooxml-schemas-1.1.jar;C:\Users\Admin\.m2\repository\org\apache\poi\openxml4j\1.0-beta\openxml4j-1.0-beta.jar;C:\Users\Admin\.m2\repository\log4j\log4j\1.2.8\log4j-1.2.8.jar;C:\Users\Admin\.m2\repository\commons-io\commons-io\2.6\commons-io-2.6.jar;C:\Users\Admin\.m2\repository\com\aventstack\extentreports\5.0.9\extentreports-5.0.9.jar;C:\Users\Admin\.m2\repository\io\reactivex\rxjava3\rxjava\3.0.4\rxjava-3.0.4.jar;C:\Users\Admin\.m2\repository\org\reactivestreams\reactive-streams\1.0.3\reactive-streams-1.0.3.jar;C:\Users\Admin\.m2\repository\org\freemarker\freemarker\2.3.30\freemarker-2.3.30.jar;C:\Users\Admin\.m2\repository\org\projectlombok\lombok\1.18.12\lombok-1.18.12.jar;"/>
    <property name="sun.cpu.endian" value="little"/>
    <property name="user.home" value="C:\Users\Admin"/>
    <property name="user.language" value="en"/>
    <property name="java.specification.vendor" value="Oracle Corporation"/>
    <property name="java.version.date" value="2023-04-18"/>
    <property name="java.home" value="C:\Program Files\Java\jdk-11"/>
    <property name="file.separator" value="\"/>
    <property name="basedir" value="E:\Java Videos\Selenium\Sel Video\hms7.6"/>
    <property name="java.vm.compressedOopsMode" value="32-bit"/>
    <property name="line.separator" value="&#10;"/>
    <property name="java.specification.name" value="Java Platform API Specification"/>
    <property name="java.vm.specification.vendor" value="Oracle Corporation"/>
    <property name="java.awt.graphicsenv" value="sun.awt.Win32GraphicsEnvironment"/>
    <property name="surefire.real.class.path" value="C:\Users\Admin\AppData\Local\Temp\surefire4483949181048936318\surefirebooter-20230619115700954_3.jar"/>
    <property name="user.script" value=""/>
    <property name="sun.management.compiler" value="HotSpot 64-Bit Tiered Compilers"/>
    <property name="java.runtime.version" value="11.0.19+9-LTS-224"/>
    <property name="user.name" value="Admin"/>
    <property name="path.separator" value=";"/>
    <property name="os.version" value="10.0"/>
    <property name="java.runtime.name" value="Java(TM) SE Runtime Environment"/>
    <property name="file.encoding" value="Cp1252"/>
    <property name="java.vm.name" value="Java HotSpot(TM) 64-Bit Server VM"/>
    <property name="java.vendor.version" value="18.9"/>
    <property name="localRepository" value="C:\Users\Admin\.m2\repository"/>
    <property name="java.vendor.url.bug" value="https://bugreport.java.com/bugreport/"/>
    <property name="java.io.tmpdir" value="C:\Users\Admin\AppData\Local\Temp\"/>
    <property name="java.version" value="11.0.19"/>
    <property name="user.dir" value="E:\Java Videos\Selenium\Sel Video\hms7.6"/>
    <property name="os.arch" value="amd64"/>
    <property name="java.vm.specification.name" value="Java Virtual Machine Specification"/>
    <property name="java.awt.printerjob" value="sun.awt.windows.WPrinterJob"/>
    <property name="sun.os.patch.level" value=""/>
    <property name="java.library.path" value="C:\Program Files\Java\jdk-11\bin;C:\Windows\Sun\Java\bin;C:\Windows\system32;C:\Windows;C:\Program Files\Common Files\Oracle\Java\javapath;C:\Program Files (x86)\Common Files\Oracle\Java\javapath;C:\Windows\system32;C:\Windows;C:\Windows\System32\Wbem;C:\Windows\System32\WindowsPowerShell\v1.0\;C:\Windows\System32\OpenSSH\;C:\Program Files\nodejs\;C:\Program Files\PuTTY\;C:\Program Files\Git\cmd;C:\Users\Admin\AppData\Local\Microsoft\WindowsApps;C:\Users\Admin\AppData\Roaming\npm;C:\Program Files\apache-maven-3.9.2\bin;;."/>
    <property name="java.vendor" value="Oracle Corporation"/>
    <property name="java.vm.info" value="mixed mode"/>
    <property name="java.vm.version" value="11.0.19+9-LTS-224"/>
    <property name="sun.io.unicode.encoding" value="UnicodeLittle"/>
    <property name="java.class.version" value="55.0"/>
  </properties>
  <testcase name="loginhmstest" classname="HMSAdmin.LoginTest" time="11.82">
    <system-out><![CDATA[before FindBY By.cssSelector: img[src='http://triotend.com/tts/backend/images/s_logo.png']
afterFindByBy.cssSelector: img[src='http://triotend.com/tts/backend/images/s_logo.png']
before FindBY By.cssSelector: h3.font-white
afterFindByBy.cssSelector: h3.font-white
before FindBY By.cssSelector: input#email
afterFindByBy.cssSelector: input#email
afterChangeValueOf [[ChromeDriver: chrome on WINDOWS (c7cd76030ae9c8135c606b635188d730)] -> css selector: input#email]
before FindBY By.cssSelector: input#password
afterFindByBy.cssSelector: input#password
afterChangeValueOf [[ChromeDriver: chrome on WINDOWS (c7cd76030ae9c8135c606b635188d730)] -> css selector: input#password]
before FindBY By.cssSelector: button.btn
afterFindByBy.cssSelector: button.btn
afterClickOn [[ChromeDriver: chrome on WINDOWS (c7cd76030ae9c8135c606b635188d730)] -> css selector: button.btn]
]]></system-out>
    <system-err><![CDATA[SLF4J: No SLF4J providers were found.
SLF4J: Defaulting to no-operation (NOP) logger implementation
SLF4J: See https://www.slf4j.org/codes.html#noProviders for further details.
log4j:WARN No appenders could be found for logger (io.netty.util.internal.logging.InternalLoggerFactory).
log4j:WARN Please initialize the log4j system properly.
Starting ChromeDriver 114.0.5735.90 (386bc09e8f4f2e025eddae123f36f6263096ae49-refs/branch-heads/5735@{#1052}) on port 1292
Only local connections are allowed.
Please see https://chromedriver.chromium.org/security-considerations for suggestions on keeping ChromeDriver safe.
ChromeDriver was started successfully.
Jun 19, 2023 11:57:10 AM org.openqa.selenium.devtools.CdpVersionFinder findNearestMatch
WARNING: Unable to find an exact match for CDP version 114, so returning the closest version found: 110
]]></system-err>
  </testcase>
  <testcase name="frontofficetest" classname="HMSAdmin.FrontooficeTest" time="8.159">
    <system-out><![CDATA[before FindBY By.cssSelector: input#email
afterFindByBy.cssSelector: input#email
afterChangeValueOf [[ChromeDriver: chrome on WINDOWS (cad3e484cbb50d77aee559b7ecede895)] -> css selector: input#email]
before FindBY By.cssSelector: input#password
afterFindByBy.cssSelector: input#password
afterChangeValueOf [[ChromeDriver: chrome on WINDOWS (cad3e484cbb50d77aee559b7ecede895)] -> css selector: input#password]
before FindBY By.cssSelector: button.btn
afterFindByBy.cssSelector: button.btn
afterClickOn [[ChromeDriver: chrome on WINDOWS (cad3e484cbb50d77aee559b7ecede895)] -> css selector: button.btn]
before FindBY By.cssSelector: ul.sidebar-menu>li
afterFindByBy.cssSelector: ul.sidebar-menu>li
afterClickOn [[ChromeDriver: chrome on WINDOWS (cad3e484cbb50d77aee559b7ecede895)] -> css selector: ul.sidebar-menu>li]
before FindBY By.cssSelector: h3.box-title
afterFindByBy.cssSelector: h3.box-title
before FindBY By.cssSelector: div.box-tools>a:nth-child(2)
afterFindByBy.cssSelector: div.box-tools>a:nth-child(2)
afterClickOn [[ChromeDriver: chrome on WINDOWS (cad3e484cbb50d77aee559b7ecede895)] -> css selector: div.box-tools>a:nth-child(2)]
]]></system-out>
    <system-err><![CDATA[Starting ChromeDriver 114.0.5735.90 (386bc09e8f4f2e025eddae123f36f6263096ae49-refs/branch-heads/5735@{#1052}) on port 41534
Only local connections are allowed.
Please see https://chromedriver.chromium.org/security-considerations for suggestions on keeping ChromeDriver safe.
ChromeDriver was started successfully.
Jun 19, 2023 11:57:26 AM org.openqa.selenium.devtools.CdpVersionFinder findNearestMatch
WARNING: Unable to find an exact match for CDP version 114, so returning the closest version found: 110
]]></system-err>
  </testcase>
  <testcase name="vistordetailstest[[Ljava.lang.String;@51ab1ee3](1)" classname="HMSAdmin.Vistortest" time="81.557">
    <failure message="no such element: Unable to locate element: {&quot;method&quot;:&quot;css selector&quot;,&quot;selector&quot;:&quot;button.close123&quot;}&#10;  (Session info: chrome=114.0.5735.134)&#10;For documentation on this error, please visit: https://selenium.dev/exceptions/#no_such_element&#10;Build info: version: &apos;4.8.1&apos;, revision: &apos;8ebccac989&apos;&#10;System info: os.name: &apos;Windows 10&apos;, os.arch: &apos;amd64&apos;, os.version: &apos;10.0&apos;, java.version: &apos;11.0.19&apos;&#10;Driver info: org.openqa.selenium.chrome.ChromeDriver&#10;Command: [3910175b1ce0bc9390588da4bd45fc5c, findElement {using=css selector, value=button.close123}]&#10;Capabilities {acceptInsecureCerts: false, browserName: chrome, browserVersion: 114.0.5735.134, chrome: {chromedriverVersion: 114.0.5735.90 (386bc09e8f4f..., userDataDir: C:\Users\Admin\AppData\Loca...}, goog:chromeOptions: {debuggerAddress: localhost:50307}, networkConnectionEnabled: false, pageLoadStrategy: normal, platformName: WINDOWS, proxy: Proxy(), se:cdp: ws://localhost:50307/devtoo..., se:cdpVersion: 114.0.5735.134, setWindowRect: true, strictFileInteractability: false, timeouts: {implicit: 0, pageLoad: 300000, script: 30000}, unhandledPromptBehavior: dismiss and notify, webauthn:extension:credBlob: true, webauthn:extension:largeBlob: true, webauthn:extension:minPinLength: true, webauthn:extension:prf: true, webauthn:virtualAuthenticators: true}&#10;Session ID: 3910175b1ce0bc9390588da4bd45fc5c" type="org.openqa.selenium.NoSuchElementException"><![CDATA[org.openqa.selenium.NoSuchElementException: 
no such element: Unable to locate element: {"method":"css selector","selector":"button.close123"}
  (Session info: chrome=114.0.5735.134)
For documentation on this error, please visit: https://selenium.dev/exceptions/#no_such_element
Build info: version: '4.8.1', revision: '8ebccac989'
System info: os.name: 'Windows 10', os.arch: 'amd64', os.version: '10.0', java.version: '11.0.19'
Driver info: org.openqa.selenium.chrome.ChromeDriver
Command: [3910175b1ce0bc9390588da4bd45fc5c, findElement {using=css selector, value=button.close123}]
Capabilities {acceptInsecureCerts: false, browserName: chrome, browserVersion: 114.0.5735.134, chrome: {chromedriverVersion: 114.0.5735.90 (386bc09e8f4f..., userDataDir: C:\Users\Admin\AppData\Loca...}, goog:chromeOptions: {debuggerAddress: localhost:50307}, networkConnectionEnabled: false, pageLoadStrategy: normal, platformName: WINDOWS, proxy: Proxy(), se:cdp: ws://localhost:50307/devtoo..., se:cdpVersion: 114.0.5735.134, setWindowRect: true, strictFileInteractability: false, timeouts: {implicit: 0, pageLoad: 300000, script: 30000}, unhandledPromptBehavior: dismiss and notify, webauthn:extension:credBlob: true, webauthn:extension:largeBlob: true, webauthn:extension:minPinLength: true, webauthn:extension:prf: true, webauthn:virtualAuthenticators: true}
Session ID: 3910175b1ce0bc9390588da4bd45fc5c
	at java.base/jdk.internal.reflect.NativeConstructorAccessorImpl.newInstance0(Native Method)
	at java.base/jdk.internal.reflect.NativeConstructorAccessorImpl.newInstance(NativeConstructorAccessorImpl.java:62)
	at java.base/jdk.internal.reflect.DelegatingConstructorAccessorImpl.newInstance(DelegatingConstructorAccessorImpl.java:45)
	at java.base/java.lang.reflect.Constructor.newInstance(Constructor.java:490)
	at org.openqa.selenium.remote.codec.w3c.W3CHttpResponseCodec.createException(W3CHttpResponseCodec.java:200)
	at org.openqa.selenium.remote.codec.w3c.W3CHttpResponseCodec.decode(W3CHttpResponseCodec.java:133)
	at org.openqa.selenium.remote.codec.w3c.W3CHttpResponseCodec.decode(W3CHttpResponseCodec.java:53)
	at org.openqa.selenium.remote.HttpCommandExecutor.execute(HttpCommandExecutor.java:184)
	at org.openqa.selenium.remote.service.DriverCommandExecutor.invokeExecute(DriverCommandExecutor.java:167)
	at org.openqa.selenium.remote.service.DriverCommandExecutor.execute(DriverCommandExecutor.java:142)
	at org.openqa.selenium.remote.RemoteWebDriver.execute(RemoteWebDriver.java:543)
	at org.openqa.selenium.remote.ElementLocation$ElementFinder$2.findElement(ElementLocation.java:162)
	at org.openqa.selenium.remote.ElementLocation.findElement(ElementLocation.java:60)
	at org.openqa.selenium.remote.RemoteWebDriver.findElement(RemoteWebDriver.java:352)
	at org.openqa.selenium.remote.RemoteWebDriver.findElement(RemoteWebDriver.java:344)
	at jdk.internal.reflect.GeneratedMethodAccessor2.invoke(Unknown Source)
	at java.base/jdk.internal.reflect.DelegatingMethodAccessorImpl.invoke(DelegatingMethodAccessorImpl.java:43)
	at java.base/java.lang.reflect.Method.invoke(Method.java:566)
	at org.openqa.selenium.support.events.EventFiringWebDriver.lambda$new$1(EventFiringWebDriver.java:106)
	at com.sun.proxy.$Proxy13.findElement(Unknown Source)
	at org.openqa.selenium.support.events.EventFiringWebDriver.findElement(EventFiringWebDriver.java:195)
	at org.openqa.selenium.support.pagefactory.DefaultElementLocator.findElement(DefaultElementLocator.java:70)
	at org.openqa.selenium.support.pagefactory.internal.LocatingElementHandler.invoke(LocatingElementHandler.java:39)
	at com.sun.proxy.$Proxy17.click(Unknown Source)
	at hms.pages.VistorPage.addvistordetails(VistorPage.java:70)
	at HMSAdmin.Vistortest.vistordetailstest(Vistortest.java:62)
	at java.base/jdk.internal.reflect.NativeMethodAccessorImpl.invoke0(Native Method)
	at java.base/jdk.internal.reflect.NativeMethodAccessorImpl.invoke(NativeMethodAccessorImpl.java:62)
	at java.base/jdk.internal.reflect.DelegatingMethodAccessorImpl.invoke(DelegatingMethodAccessorImpl.java:43)
	at java.base/java.lang.reflect.Method.invoke(Method.java:566)
	at org.testng.internal.invokers.MethodInvocationHelper.invokeMethod(MethodInvocationHelper.java:139)
	at org.testng.internal.invokers.TestInvoker.invokeMethod(TestInvoker.java:677)
	at org.testng.internal.invokers.TestInvoker.invokeTestMethod(TestInvoker.java:221)
	at org.testng.internal.invokers.MethodRunner.runInSequence(MethodRunner.java:50)
	at org.testng.internal.invokers.TestInvoker$MethodInvocationAgent.invoke(TestInvoker.java:969)
	at org.testng.internal.invokers.TestInvoker.invokeTestMethods(TestInvoker.java:194)
	at org.testng.internal.invokers.TestMethodWorker.invokeTestMethods(TestMethodWorker.java:148)
	at org.testng.internal.invokers.TestMethodWorker.run(TestMethodWorker.java:128)
	at java.base/java.util.ArrayList.forEach(ArrayList.java:1541)
	at org.testng.TestRunner.privateRun(TestRunner.java:829)
	at org.testng.TestRunner.run(TestRunner.java:602)
	at org.testng.SuiteRunner.runTest(SuiteRunner.java:437)
	at org.testng.SuiteRunner.runSequentially(SuiteRunner.java:431)
	at org.testng.SuiteRunner.privateRun(SuiteRunner.java:391)
	at org.testng.SuiteRunner.run(SuiteRunner.java:330)
	at org.testng.SuiteRunnerWorker.runSuite(SuiteRunnerWorker.java:52)
	at org.testng.SuiteRunnerWorker.run(SuiteRunnerWorker.java:95)
	at org.testng.TestNG.runSuitesSequentially(TestNG.java:1256)
	at org.testng.TestNG.runSuitesLocally(TestNG.java:1176)
	at org.testng.TestNG.runSuites(TestNG.java:1099)
	at org.testng.TestNG.run(TestNG.java:1067)
	at org.apache.maven.surefire.testng.TestNGExecutor.run(TestNGExecutor.java:308)
	at org.apache.maven.surefire.testng.TestNGXmlTestSuite.execute(TestNGXmlTestSuite.java:71)
	at org.apache.maven.surefire.testng.TestNGProvider.invoke(TestNGProvider.java:113)
	at org.apache.maven.surefire.booter.ForkedBooter.runSuitesInProcess(ForkedBooter.java:385)
	at org.apache.maven.surefire.booter.ForkedBooter.execute(ForkedBooter.java:162)
	at org.apache.maven.surefire.booter.ForkedBooter.run(ForkedBooter.java:507)
	at org.apache.maven.surefire.booter.ForkedBooter.main(ForkedBooter.java:495)
]]></failure>
    <system-out><![CDATA[before FindBY By.cssSelector: input#email
afterFindByBy.cssSelector: input#email
afterChangeValueOf [[ChromeDriver: chrome on WINDOWS (3910175b1ce0bc9390588da4bd45fc5c)] -> css selector: input#email]
before FindBY By.cssSelector: input#password
afterFindByBy.cssSelector: input#password
afterChangeValueOf [[ChromeDriver: chrome on WINDOWS (3910175b1ce0bc9390588da4bd45fc5c)] -> css selector: input#password]
before FindBY By.cssSelector: button.btn
afterFindByBy.cssSelector: button.btn
afterClickOn [[ChromeDriver: chrome on WINDOWS (3910175b1ce0bc9390588da4bd45fc5c)] -> css selector: button.btn]
before FindBY By.cssSelector: ul.sidebar-menu>li
afterFindByBy.cssSelector: ul.sidebar-menu>li
afterClickOn [[ChromeDriver: chrome on WINDOWS (3910175b1ce0bc9390588da4bd45fc5c)] -> css selector: ul.sidebar-menu>li]
before FindBY By.cssSelector: div.box-tools>a:nth-child(2)
afterFindByBy.cssSelector: div.box-tools>a:nth-child(2)
afterClickOn [[ChromeDriver: chrome on WINDOWS (3910175b1ce0bc9390588da4bd45fc5c)] -> css selector: div.box-tools>a:nth-child(2)]
before FindBY By.cssSelector: h3.box-title
afterFindByBy.cssSelector: h3.box-title
before FindBY By.cssSelector: div.box-tools>a
afterFindByBy.cssSelector: div.box-tools>a
afterClickOn [[ChromeDriver: chrome on WINDOWS (3910175b1ce0bc9390588da4bd45fc5c)] -> css selector: div.box-tools>a]
before FindBY By.xpath: //h4[text()=' Add Visitor']
afterFindByBy.xpath: //h4[text()=' Add Visitor']
before FindBY By.xpath: //h4[text()=' Add Visitor']
afterFindByBy.xpath: //h4[text()=' Add Visitor']
before FindBY By.xpath: //h4[text()=' Add Visitor']
afterFindByBy.xpath: //h4[text()=' Add Visitor']
before FindBY By.cssSelector: form#formadd select[name='purpose']
afterFindByBy.cssSelector: form#formadd select[name='purpose']
before FindBY By.cssSelector: form#formadd select[name='purpose']
afterFindByBy.cssSelector: form#formadd select[name='purpose']
before FindBY By.cssSelector: form#formadd select[name='purpose']
afterFindByBy.cssSelector: form#formadd select[name='purpose']
before FindBY By.cssSelector: form#formadd select[name='purpose']
afterFindByBy.cssSelector: form#formadd select[name='purpose']
before FindBY By.xpath: .//option[normalize-space(.) = "investigate"]
afterFindByBy.xpath: .//option[normalize-space(.) = "investigate"]
afterClickOn [[[[ChromeDriver: chrome on WINDOWS (3910175b1ce0bc9390588da4bd45fc5c)] -> css selector: form#formadd select[name='purpose']]] -> xpath: .//option[normalize-space(.) = "investigate"]]
before FindBY By.cssSelector: form#formadd input[name='name']
afterFindByBy.cssSelector: form#formadd input[name='name']
afterChangeValueOf [[ChromeDriver: chrome on WINDOWS (3910175b1ce0bc9390588da4bd45fc5c)] -> css selector: form#formadd input[name='name']]
before FindBY By.cssSelector: form#formadd input[name='contact']
afterFindByBy.cssSelector: form#formadd input[name='contact']
afterChangeValueOf [[ChromeDriver: chrome on WINDOWS (3910175b1ce0bc9390588da4bd45fc5c)] -> css selector: form#formadd input[name='contact']]
before FindBY By.cssSelector: form#formadd input[name='id_proof']
afterFindByBy.cssSelector: form#formadd input[name='id_proof']
afterChangeValueOf [[ChromeDriver: chrome on WINDOWS (3910175b1ce0bc9390588da4bd45fc5c)] -> css selector: form#formadd input[name='id_proof']]
before FindBY By.cssSelector: form#formadd input[name='pepples']
afterFindByBy.cssSelector: form#formadd input[name='pepples']
afterChangeValueOf [[ChromeDriver: chrome on WINDOWS (3910175b1ce0bc9390588da4bd45fc5c)] -> css selector: form#formadd input[name='pepples']]
before FindBY By.cssSelector: form#formadd textarea[name='note']
afterFindByBy.cssSelector: form#formadd textarea[name='note']
afterChangeValueOf [[ChromeDriver: chrome on WINDOWS (3910175b1ce0bc9390588da4bd45fc5c)] -> css selector: form#formadd textarea[name='note']]
before FindBY By.cssSelector: form#formadd input[name='date']
afterFindByBy.cssSelector: form#formadd input[name='date']
afterClickOn [[ChromeDriver: chrome on WINDOWS (3910175b1ce0bc9390588da4bd45fc5c)] -> css selector: form#formadd input[name='date']]
before FindBY By.className: datepicker-switch
afterFindByBy.className: datepicker-switch
afterClickOn [[ChromeDriver: chrome on WINDOWS (3910175b1ce0bc9390588da4bd45fc5c)] -> class name: datepicker-switch]
before FindBY By.cssSelector: div.datepicker-months>table.table.table-condensed>thead>tr>th.datepicker-switch
afterFindByBy.cssSelector: div.datepicker-months>table.table.table-condensed>thead>tr>th.datepicker-switch
before FindBY By.cssSelector: div.datepicker-months>table.table.table-condensed>thead>tr>th.prev
afterFindByBy.cssSelector: div.datepicker-months>table.table.table-condensed>thead>tr>th.prev
afterClickOn [[ChromeDriver: chrome on WINDOWS (3910175b1ce0bc9390588da4bd45fc5c)] -> css selector: div.datepicker-months>table.table.table-condensed>thead>tr>th.prev]
before FindBY By.cssSelector: div.datepicker-months>table.table.table-condensed>thead>tr>th.datepicker-switch
afterFindByBy.cssSelector: div.datepicker-months>table.table.table-condensed>thead>tr>th.datepicker-switch
before FindBY By.cssSelector: div.datepicker-months>table.table.table-condensed>thead>tr>th.prev
afterFindByBy.cssSelector: div.datepicker-months>table.table.table-condensed>thead>tr>th.prev
afterClickOn [[ChromeDriver: chrome on WINDOWS (3910175b1ce0bc9390588da4bd45fc5c)] -> css selector: div.datepicker-months>table.table.table-condensed>thead>tr>th.prev]
before FindBY By.cssSelector: div.datepicker-months>table.table.table-condensed>thead>tr>th.datepicker-switch
afterFindByBy.cssSelector: div.datepicker-months>table.table.table-condensed>thead>tr>th.datepicker-switch
before FindBY By.cssSelector: div.datepicker-months>table.table.table-condensed>thead>tr>th.prev
afterFindByBy.cssSelector: div.datepicker-months>table.table.table-condensed>thead>tr>th.prev
afterClickOn [[ChromeDriver: chrome on WINDOWS (3910175b1ce0bc9390588da4bd45fc5c)] -> css selector: div.datepicker-months>table.table.table-condensed>thead>tr>th.prev]
before FindBY By.cssSelector: div.datepicker-months>table.table.table-condensed>thead>tr>th.datepicker-switch
afterFindByBy.cssSelector: div.datepicker-months>table.table.table-condensed>thead>tr>th.datepicker-switch
before FindBY By.cssSelector: div.datepicker-months>table.table.table-condensed>thead>tr>th.prev
afterFindByBy.cssSelector: div.datepicker-months>table.table.table-condensed>thead>tr>th.prev
afterClickOn [[ChromeDriver: chrome on WINDOWS (3910175b1ce0bc9390588da4bd45fc5c)] -> css selector: div.datepicker-months>table.table.table-condensed>thead>tr>th.prev]
before FindBY By.cssSelector: div.datepicker-months>table.table.table-condensed>thead>tr>th.datepicker-switch
afterFindByBy.cssSelector: div.datepicker-months>table.table.table-condensed>thead>tr>th.datepicker-switch
before FindBY By.cssSelector: div.datepicker-months>table.table.table-condensed>thead>tr>th.prev
afterFindByBy.cssSelector: div.datepicker-months>table.table.table-condensed>thead>tr>th.prev
afterClickOn [[ChromeDriver: chrome on WINDOWS (3910175b1ce0bc9390588da4bd45fc5c)] -> css selector: div.datepicker-months>table.table.table-condensed>thead>tr>th.prev]
before FindBY By.cssSelector: div.datepicker-months>table.table.table-condensed>thead>tr>th.datepicker-switch
afterFindByBy.cssSelector: div.datepicker-months>table.table.table-condensed>thead>tr>th.datepicker-switch
before FindBY By.cssSelector: div.datepicker-months>table.table.table-condensed>thead>tr>th.prev
afterFindByBy.cssSelector: div.datepicker-months>table.table.table-condensed>thead>tr>th.prev
afterClickOn [[ChromeDriver: chrome on WINDOWS (3910175b1ce0bc9390588da4bd45fc5c)] -> css selector: div.datepicker-months>table.table.table-condensed>thead>tr>th.prev]
before FindBY By.cssSelector: div.datepicker-months>table.table.table-condensed>thead>tr>th.datepicker-switch
afterFindByBy.cssSelector: div.datepicker-months>table.table.table-condensed>thead>tr>th.datepicker-switch
before FindBY By.cssSelector: div.datepicker-months>table.table.table-condensed>thead>tr>th.prev
afterFindByBy.cssSelector: div.datepicker-months>table.table.table-condensed>thead>tr>th.prev
afterClickOn [[ChromeDriver: chrome on WINDOWS (3910175b1ce0bc9390588da4bd45fc5c)] -> css selector: div.datepicker-months>table.table.table-condensed>thead>tr>th.prev]
before FindBY By.cssSelector: div.datepicker-months>table.table.table-condensed>thead>tr>th.datepicker-switch
afterFindByBy.cssSelector: div.datepicker-months>table.table.table-condensed>thead>tr>th.datepicker-switch
before FindBY By.cssSelector: div.datepicker-months>table.table.table-condensed>thead>tr>th.prev
afterFindByBy.cssSelector: div.datepicker-months>table.table.table-condensed>thead>tr>th.prev
afterClickOn [[ChromeDriver: chrome on WINDOWS (3910175b1ce0bc9390588da4bd45fc5c)] -> css selector: div.datepicker-months>table.table.table-condensed>thead>tr>th.prev]
before FindBY By.cssSelector: div.datepicker-months>table.table.table-condensed>thead>tr>th.datepicker-switch
afterFindByBy.cssSelector: div.datepicker-months>table.table.table-condensed>thead>tr>th.datepicker-switch
before FindBY By.cssSelector: div.datepicker-months>table.table.table-condensed>thead>tr>th.prev
afterFindByBy.cssSelector: div.datepicker-months>table.table.table-condensed>thead>tr>th.prev
afterClickOn [[ChromeDriver: chrome on WINDOWS (3910175b1ce0bc9390588da4bd45fc5c)] -> css selector: div.datepicker-months>table.table.table-condensed>thead>tr>th.prev]
before FindBY By.cssSelector: div.datepicker-months>table.table.table-condensed>thead>tr>th.datepicker-switch
afterFindByBy.cssSelector: div.datepicker-months>table.table.table-condensed>thead>tr>th.datepicker-switch
before FindBY By.cssSelector: div.datepicker-months>table.table.table-condensed>thead>tr>th.prev
afterFindByBy.cssSelector: div.datepicker-months>table.table.table-condensed>thead>tr>th.prev
afterClickOn [[ChromeDriver: chrome on WINDOWS (3910175b1ce0bc9390588da4bd45fc5c)] -> css selector: div.datepicker-months>table.table.table-condensed>thead>tr>th.prev]
before FindBY By.cssSelector: div.datepicker-months>table.table.table-condensed>thead>tr>th.datepicker-switch
afterFindByBy.cssSelector: div.datepicker-months>table.table.table-condensed>thead>tr>th.datepicker-switch
before FindBY By.cssSelector: div.datepicker-months>table.table.table-condensed>thead>tr>th.prev
afterFindByBy.cssSelector: div.datepicker-months>table.table.table-condensed>thead>tr>th.prev
afterClickOn [[ChromeDriver: chrome on WINDOWS (3910175b1ce0bc9390588da4bd45fc5c)] -> css selector: div.datepicker-months>table.table.table-condensed>thead>tr>th.prev]
before FindBY By.cssSelector: div.datepicker-months>table.table.table-condensed>thead>tr>th.datepicker-switch
afterFindByBy.cssSelector: div.datepicker-months>table.table.table-condensed>thead>tr>th.datepicker-switch
before FindBY By.cssSelector: div.datepicker-months>table.table.table-condensed>thead>tr>th.prev
afterFindByBy.cssSelector: div.datepicker-months>table.table.table-condensed>thead>tr>th.prev
afterClickOn [[ChromeDriver: chrome on WINDOWS (3910175b1ce0bc9390588da4bd45fc5c)] -> css selector: div.datepicker-months>table.table.table-condensed>thead>tr>th.prev]
before FindBY By.cssSelector: div.datepicker-months>table.table.table-condensed>thead>tr>th.datepicker-switch
afterFindByBy.cssSelector: div.datepicker-months>table.table.table-condensed>thead>tr>th.datepicker-switch
before FindBY By.cssSelector: div.datepicker-months>table.table.table-condensed>thead>tr>th.prev
afterFindByBy.cssSelector: div.datepicker-months>table.table.table-condensed>thead>tr>th.prev
afterClickOn [[ChromeDriver: chrome on WINDOWS (3910175b1ce0bc9390588da4bd45fc5c)] -> css selector: div.datepicker-months>table.table.table-condensed>thead>tr>th.prev]
before FindBY By.cssSelector: div.datepicker-months>table.table.table-condensed>thead>tr>th.datepicker-switch
afterFindByBy.cssSelector: div.datepicker-months>table.table.table-condensed>thead>tr>th.datepicker-switch
before FindBY By.cssSelector: div.datepicker-months>table.table.table-condensed>thead>tr>th.prev
afterFindByBy.cssSelector: div.datepicker-months>table.table.table-condensed>thead>tr>th.prev
afterClickOn [[ChromeDriver: chrome on WINDOWS (3910175b1ce0bc9390588da4bd45fc5c)] -> css selector: div.datepicker-months>table.table.table-condensed>thead>tr>th.prev]
before FindBY By.cssSelector: div.datepicker-months>table.table.table-condensed>thead>tr>th.datepicker-switch
afterFindByBy.cssSelector: div.datepicker-months>table.table.table-condensed>thead>tr>th.datepicker-switch
before FindBY By.cssSelector: div.datepicker-months>table.table.table-condensed>thead>tr>th.prev
afterFindByBy.cssSelector: div.datepicker-months>table.table.table-condensed>thead>tr>th.prev
afterClickOn [[ChromeDriver: chrome on WINDOWS (3910175b1ce0bc9390588da4bd45fc5c)] -> css selector: div.datepicker-months>table.table.table-condensed>thead>tr>th.prev]
before FindBY By.cssSelector: div.datepicker-months>table.table.table-condensed>thead>tr>th.datepicker-switch
afterFindByBy.cssSelector: div.datepicker-months>table.table.table-condensed>thead>tr>th.datepicker-switch
before FindBY By.cssSelector: div.datepicker-months>table.table.table-condensed>thead>tr>th.prev
afterFindByBy.cssSelector: div.datepicker-months>table.table.table-condensed>thead>tr>th.prev
afterClickOn [[ChromeDriver: chrome on WINDOWS (3910175b1ce0bc9390588da4bd45fc5c)] -> css selector: div.datepicker-months>table.table.table-condensed>thead>tr>th.prev]
before FindBY By.cssSelector: div.datepicker-months>table.table.table-condensed>thead>tr>th.datepicker-switch
afterFindByBy.cssSelector: div.datepicker-months>table.table.table-condensed>thead>tr>th.datepicker-switch
before FindBY By.cssSelector: div.datepicker-months>table.table.table-condensed>thead>tr>th.prev
afterFindByBy.cssSelector: div.datepicker-months>table.table.table-condensed>thead>tr>th.prev
afterClickOn [[ChromeDriver: chrome on WINDOWS (3910175b1ce0bc9390588da4bd45fc5c)] -> css selector: div.datepicker-months>table.table.table-condensed>thead>tr>th.prev]
before FindBY By.cssSelector: div.datepicker-months>table.table.table-condensed>thead>tr>th.datepicker-switch
afterFindByBy.cssSelector: div.datepicker-months>table.table.table-condensed>thead>tr>th.datepicker-switch
before FindBY By.cssSelector: div.datepicker-months>table.table.table-condensed>thead>tr>th.prev
afterFindByBy.cssSelector: div.datepicker-months>table.table.table-condensed>thead>tr>th.prev
afterClickOn [[ChromeDriver: chrome on WINDOWS (3910175b1ce0bc9390588da4bd45fc5c)] -> css selector: div.datepicker-months>table.table.table-condensed>thead>tr>th.prev]
before FindBY By.cssSelector: div.datepicker-months>table.table.table-condensed>thead>tr>th.datepicker-switch
afterFindByBy.cssSelector: div.datepicker-months>table.table.table-condensed>thead>tr>th.datepicker-switch
before FindBY By.cssSelector: div.datepicker-months>table.table.table-condensed>thead>tr>th.prev
afterFindByBy.cssSelector: div.datepicker-months>table.table.table-condensed>thead>tr>th.prev
afterClickOn [[ChromeDriver: chrome on WINDOWS (3910175b1ce0bc9390588da4bd45fc5c)] -> css selector: div.datepicker-months>table.table.table-condensed>thead>tr>th.prev]
before FindBY By.cssSelector: div.datepicker-months>table.table.table-condensed>thead>tr>th.datepicker-switch
afterFindByBy.cssSelector: div.datepicker-months>table.table.table-condensed>thead>tr>th.datepicker-switch
before FindBY By.cssSelector: div.datepicker-months>table.table.table-condensed>thead>tr>th.prev
afterFindByBy.cssSelector: div.datepicker-months>table.table.table-condensed>thead>tr>th.prev
afterClickOn [[ChromeDriver: chrome on WINDOWS (3910175b1ce0bc9390588da4bd45fc5c)] -> css selector: div.datepicker-months>table.table.table-condensed>thead>tr>th.prev]
before FindBY By.cssSelector: div.datepicker-months>table.table.table-condensed>thead>tr>th.datepicker-switch
afterFindByBy.cssSelector: div.datepicker-months>table.table.table-condensed>thead>tr>th.datepicker-switch
before FindBY By.cssSelector: div.datepicker-months>table.table.table-condensed>thead>tr>th.prev
afterFindByBy.cssSelector: div.datepicker-months>table.table.table-condensed>thead>tr>th.prev
afterClickOn [[ChromeDriver: chrome on WINDOWS (3910175b1ce0bc9390588da4bd45fc5c)] -> css selector: div.datepicker-months>table.table.table-condensed>thead>tr>th.prev]
before FindBY By.cssSelector: div.datepicker-months>table.table.table-condensed>thead>tr>th.datepicker-switch
afterFindByBy.cssSelector: div.datepicker-months>table.table.table-condensed>thead>tr>th.datepicker-switch
before FindBY By.cssSelector: div.datepicker-months>table.table.table-condensed>thead>tr>th.prev
afterFindByBy.cssSelector: div.datepicker-months>table.table.table-condensed>thead>tr>th.prev
afterClickOn [[ChromeDriver: chrome on WINDOWS (3910175b1ce0bc9390588da4bd45fc5c)] -> css selector: div.datepicker-months>table.table.table-condensed>thead>tr>th.prev]
before FindBY By.cssSelector: div.datepicker-months>table.table.table-condensed>thead>tr>th.datepicker-switch
afterFindByBy.cssSelector: div.datepicker-months>table.table.table-condensed>thead>tr>th.datepicker-switch
before FindBY By.cssSelector: div.datepicker-months>table.table.table-condensed>thead>tr>th.prev
afterFindByBy.cssSelector: div.datepicker-months>table.table.table-condensed>thead>tr>th.prev
afterClickOn [[ChromeDriver: chrome on WINDOWS (3910175b1ce0bc9390588da4bd45fc5c)] -> css selector: div.datepicker-months>table.table.table-condensed>thead>tr>th.prev]
before FindBY By.cssSelector: div.datepicker-months>table.table.table-condensed>thead>tr>th.datepicker-switch
afterFindByBy.cssSelector: div.datepicker-months>table.table.table-condensed>thead>tr>th.datepicker-switch
before FindBY By.cssSelector: div.datepicker-months>table.table.table-condensed>thead>tr>th.prev
afterFindByBy.cssSelector: div.datepicker-months>table.table.table-condensed>thead>tr>th.prev
afterClickOn [[ChromeDriver: chrome on WINDOWS (3910175b1ce0bc9390588da4bd45fc5c)] -> css selector: div.datepicker-months>table.table.table-condensed>thead>tr>th.prev]
before FindBY By.cssSelector: div.datepicker-months>table.table.table-condensed>thead>tr>th.datepicker-switch
afterFindByBy.cssSelector: div.datepicker-months>table.table.table-condensed>thead>tr>th.datepicker-switch
before FindBY By.cssSelector: div.datepicker-months>table.table.table-condensed>thead>tr>th.prev
afterFindByBy.cssSelector: div.datepicker-months>table.table.table-condensed>thead>tr>th.prev
afterClickOn [[ChromeDriver: chrome on WINDOWS (3910175b1ce0bc9390588da4bd45fc5c)] -> css selector: div.datepicker-months>table.table.table-condensed>thead>tr>th.prev]
before FindBY By.cssSelector: div.datepicker-months>table.table.table-condensed>thead>tr>th.datepicker-switch
afterFindByBy.cssSelector: div.datepicker-months>table.table.table-condensed>thead>tr>th.datepicker-switch
before FindBY By.cssSelector: div.datepicker-months>table.table.table-condensed>thead>tr>th.prev
afterFindByBy.cssSelector: div.datepicker-months>table.table.table-condensed>thead>tr>th.prev
afterClickOn [[ChromeDriver: chrome on WINDOWS (3910175b1ce0bc9390588da4bd45fc5c)] -> css selector: div.datepicker-months>table.table.table-condensed>thead>tr>th.prev]
before FindBY By.cssSelector: div.datepicker-months>table.table.table-condensed>thead>tr>th.datepicker-switch
afterFindByBy.cssSelector: div.datepicker-months>table.table.table-condensed>thead>tr>th.datepicker-switch
before FindBY By.cssSelector: div.datepicker-months>table.table.table-condensed>thead>tr>th.prev
afterFindByBy.cssSelector: div.datepicker-months>table.table.table-condensed>thead>tr>th.prev
afterClickOn [[ChromeDriver: chrome on WINDOWS (3910175b1ce0bc9390588da4bd45fc5c)] -> css selector: div.datepicker-months>table.table.table-condensed>thead>tr>th.prev]
before FindBY By.cssSelector: div.datepicker-months>table.table.table-condensed>thead>tr>th.datepicker-switch
afterFindByBy.cssSelector: div.datepicker-months>table.table.table-condensed>thead>tr>th.datepicker-switch
before FindBY By.cssSelector: div.datepicker-months>table.table.table-condensed>thead>tr>th.prev
afterFindByBy.cssSelector: div.datepicker-months>table.table.table-condensed>thead>tr>th.prev
afterClickOn [[ChromeDriver: chrome on WINDOWS (3910175b1ce0bc9390588da4bd45fc5c)] -> css selector: div.datepicker-months>table.table.table-condensed>thead>tr>th.prev]
before FindBY By.cssSelector: div.datepicker-months>table.table.table-condensed>thead>tr>th.datepicker-switch
afterFindByBy.cssSelector: div.datepicker-months>table.table.table-condensed>thead>tr>th.datepicker-switch
before FindBY By.cssSelector: div.datepicker-months>table.table.table-condensed>thead>tr>th.prev
afterFindByBy.cssSelector: div.datepicker-months>table.table.table-condensed>thead>tr>th.prev
afterClickOn [[ChromeDriver: chrome on WINDOWS (3910175b1ce0bc9390588da4bd45fc5c)] -> css selector: div.datepicker-months>table.table.table-condensed>thead>tr>th.prev]
before FindBY By.cssSelector: div.datepicker-months>table.table.table-condensed>thead>tr>th.datepicker-switch
afterFindByBy.cssSelector: div.datepicker-months>table.table.table-condensed>thead>tr>th.datepicker-switch
before FindBY By.cssSelector: div.datepicker-months>table.table.table-condensed>thead>tr>th.prev
afterFindByBy.cssSelector: div.datepicker-months>table.table.table-condensed>thead>tr>th.prev
afterClickOn [[ChromeDriver: chrome on WINDOWS (3910175b1ce0bc9390588da4bd45fc5c)] -> css selector: div.datepicker-months>table.table.table-condensed>thead>tr>th.prev]
before FindBY By.cssSelector: div.datepicker-months>table.table.table-condensed>thead>tr>th.datepicker-switch
afterFindByBy.cssSelector: div.datepicker-months>table.table.table-condensed>thead>tr>th.datepicker-switch
before FindBY By.cssSelector: div.datepicker-months>table.table.table-condensed>thead>tr>th.prev
afterFindByBy.cssSelector: div.datepicker-months>table.table.table-condensed>thead>tr>th.prev
afterClickOn [[ChromeDriver: chrome on WINDOWS (3910175b1ce0bc9390588da4bd45fc5c)] -> css selector: div.datepicker-months>table.table.table-condensed>thead>tr>th.prev]
before FindBY By.cssSelector: div.datepicker-months>table.table.table-condensed>thead>tr>th.datepicker-switch
afterFindByBy.cssSelector: div.datepicker-months>table.table.table-condensed>thead>tr>th.datepicker-switch
before FindBY By.cssSelector: div.datepicker-months>table.table.table-condensed>thead>tr>th.prev
afterFindByBy.cssSelector: div.datepicker-months>table.table.table-condensed>thead>tr>th.prev
afterClickOn [[ChromeDriver: chrome on WINDOWS (3910175b1ce0bc9390588da4bd45fc5c)] -> css selector: div.datepicker-months>table.table.table-condensed>thead>tr>th.prev]
before FindBY By.cssSelector: div.datepicker-months>table.table.table-condensed>thead>tr>th.datepicker-switch
afterFindByBy.cssSelector: div.datepicker-months>table.table.table-condensed>thead>tr>th.datepicker-switch
before FindBY By.cssSelector: div.datepicker-months>table.table.table-condensed>thead>tr>th.prev
afterFindByBy.cssSelector: div.datepicker-months>table.table.table-condensed>thead>tr>th.prev
afterClickOn [[ChromeDriver: chrome on WINDOWS (3910175b1ce0bc9390588da4bd45fc5c)] -> css selector: div.datepicker-months>table.table.table-condensed>thead>tr>th.prev]
before FindBY By.cssSelector: div.datepicker-months>table.table.table-condensed>thead>tr>th.datepicker-switch
afterFindByBy.cssSelector: div.datepicker-months>table.table.table-condensed>thead>tr>th.datepicker-switch
before FindBY By.cssSelector: div.datepicker-months>table.table.table-condensed>thead>tr>th.prev
afterFindByBy.cssSelector: div.datepicker-months>table.table.table-condensed>thead>tr>th.prev
afterClickOn [[ChromeDriver: chrome on WINDOWS (3910175b1ce0bc9390588da4bd45fc5c)] -> css selector: div.datepicker-months>table.table.table-condensed>thead>tr>th.prev]
before FindBY By.cssSelector: div.datepicker-months>table.table.table-condensed>thead>tr>th.datepicker-switch
afterFindByBy.cssSelector: div.datepicker-months>table.table.table-condensed>thead>tr>th.datepicker-switch
before FindBY By.cssSelector: div.datepicker-months>table.table.table-condensed>thead>tr>th.prev
afterFindByBy.cssSelector: div.datepicker-months>table.table.table-condensed>thead>tr>th.prev
afterClickOn [[ChromeDriver: chrome on WINDOWS (3910175b1ce0bc9390588da4bd45fc5c)] -> css selector: div.datepicker-months>table.table.table-condensed>thead>tr>th.prev]
before FindBY By.cssSelector: div.datepicker-months>table.table.table-condensed>thead>tr>th.datepicker-switch
afterFindByBy.cssSelector: div.datepicker-months>table.table.table-condensed>thead>tr>th.datepicker-switch
before FindBY By.cssSelector: div.datepicker-months>table.table.table-condensed>thead>tr>th.prev
afterFindByBy.cssSelector: div.datepicker-months>table.table.table-condensed>thead>tr>th.prev
afterClickOn [[ChromeDriver: chrome on WINDOWS (3910175b1ce0bc9390588da4bd45fc5c)] -> css selector: div.datepicker-months>table.table.table-condensed>thead>tr>th.prev]
before FindBY By.cssSelector: div.datepicker-months>table.table.table-condensed>thead>tr>th.datepicker-switch
afterFindByBy.cssSelector: div.datepicker-months>table.table.table-condensed>thead>tr>th.datepicker-switch
before FindBY By.cssSelector: div.datepicker-months>table.table.table-condensed>thead>tr>th.prev
afterFindByBy.cssSelector: div.datepicker-months>table.table.table-condensed>thead>tr>th.prev
afterClickOn [[ChromeDriver: chrome on WINDOWS (3910175b1ce0bc9390588da4bd45fc5c)] -> css selector: div.datepicker-months>table.table.table-condensed>thead>tr>th.prev]
before FindBY By.cssSelector: div.datepicker-months>table.table.table-condensed>thead>tr>th.datepicker-switch
afterFindByBy.cssSelector: div.datepicker-months>table.table.table-condensed>thead>tr>th.datepicker-switch
before FindBY By.cssSelector: span.month
afterFindByBy.cssSelector: span.month
afterClickOn [[ChromeDriver: chrome on WINDOWS (3910175b1ce0bc9390588da4bd45fc5c)] -> css selector: span.month]
before FindBY By.cssSelector: div.datepicker-days
afterFindByBy.cssSelector: div.datepicker-days
before FindBY By.xpath: //td[@class='old day']/following::td[@class='day']
afterFindByBy.xpath: //td[@class='old day']/following::td[@class='day']
afterClickOn [[[[ChromeDriver: chrome on WINDOWS (3910175b1ce0bc9390588da4bd45fc5c)] -> css selector: div.datepicker-days]] -> xpath: //td[@class='old day']/following::td[@class='day']]
before FindBY By.cssSelector: form#formadd input[name='file']
afterFindByBy.cssSelector: form#formadd input[name='file']
before FindBY By.cssSelector: button.close123
Testcase doneorg.openqa.selenium.NoSuchElementException: no such element: Unable to locate element: {"method":"css selector","selector":"button.close123"}
  (Session info: chrome=114.0.5735.134)
For documentation on this error, please visit: https://selenium.dev/exceptions/#no_such_element
Build info: version: '4.8.1', revision: '8ebccac989'
System info: os.name: 'Windows 10', os.arch: 'amd64', os.version: '10.0', java.version: '11.0.19'
Driver info: org.openqa.selenium.chrome.ChromeDriver
Command: [3910175b1ce0bc9390588da4bd45fc5c, findElement {using=css selector, value=button.close123}]
Capabilities {acceptInsecureCerts: false, browserName: chrome, browserVersion: 114.0.5735.134, chrome: {chromedriverVersion: 114.0.5735.90 (386bc09e8f4f..., userDataDir: C:\Users\Admin\AppData\Loca...}, goog:chromeOptions: {debuggerAddress: localhost:50307}, networkConnectionEnabled: false, pageLoadStrategy: normal, platformName: WINDOWS, proxy: Proxy(), se:cdp: ws://localhost:50307/devtoo..., se:cdpVersion: 114.0.5735.134, setWindowRect: true, strictFileInteractability: false, timeouts: {implicit: 0, pageLoad: 300000, script: 30000}, unhandledPromptBehavior: dismiss and notify, webauthn:extension:credBlob: true, webauthn:extension:largeBlob: true, webauthn:extension:minPinLength: true, webauthn:extension:prf: true, webauthn:virtualAuthenticators: true}
Session ID: 3910175b1ce0bc9390588da4bd45fc5c
Testcase doneChromeDriver: chrome on WINDOWS (3910175b1ce0bc9390588da4bd45fc5c)
]]></system-out>
    <system-err><![CDATA[Starting ChromeDriver 114.0.5735.90 (386bc09e8f4f2e025eddae123f36f6263096ae49-refs/branch-heads/5735@{#1052}) on port 16934
Only local connections are allowed.
Please see https://chromedriver.chromium.org/security-considerations for suggestions on keeping ChromeDriver safe.
ChromeDriver was started successfully.
Jun 19, 2023 11:57:51 AM org.openqa.selenium.devtools.CdpVersionFinder findNearestMatch
WARNING: Unable to find an exact match for CDP version 114, so returning the closest version found: 110
]]></system-err>
  </testcase>
  <testcase name="vistordetailstest[[Ljava.lang.String;@601d6622](2)" classname="HMSAdmin.Vistortest" time="80.236">
    <failure message="no such element: Unable to locate element: {&quot;method&quot;:&quot;css selector&quot;,&quot;selector&quot;:&quot;button.close123&quot;}&#10;  (Session info: chrome=114.0.5735.134)&#10;For documentation on this error, please visit: https://selenium.dev/exceptions/#no_such_element&#10;Build info: version: &apos;4.8.1&apos;, revision: &apos;8ebccac989&apos;&#10;System info: os.name: &apos;Windows 10&apos;, os.arch: &apos;amd64&apos;, os.version: &apos;10.0&apos;, java.version: &apos;11.0.19&apos;&#10;Driver info: org.openqa.selenium.chrome.ChromeDriver&#10;Command: [85904e3f98409866694c9749cc878b02, findElement {using=css selector, value=button.close123}]&#10;Capabilities {acceptInsecureCerts: false, browserName: chrome, browserVersion: 114.0.5735.134, chrome: {chromedriverVersion: 114.0.5735.90 (386bc09e8f4f..., userDataDir: C:\Users\Admin\AppData\Loca...}, goog:chromeOptions: {debuggerAddress: localhost:50687}, networkConnectionEnabled: false, pageLoadStrategy: normal, platformName: WINDOWS, proxy: Proxy(), se:cdp: ws://localhost:50687/devtoo..., se:cdpVersion: 114.0.5735.134, setWindowRect: true, strictFileInteractability: false, timeouts: {implicit: 0, pageLoad: 300000, script: 30000}, unhandledPromptBehavior: dismiss and notify, webauthn:extension:credBlob: true, webauthn:extension:largeBlob: true, webauthn:extension:minPinLength: true, webauthn:extension:prf: true, webauthn:virtualAuthenticators: true}&#10;Session ID: 85904e3f98409866694c9749cc878b02" type="org.openqa.selenium.NoSuchElementException"><![CDATA[org.openqa.selenium.NoSuchElementException: 
no such element: Unable to locate element: {"method":"css selector","selector":"button.close123"}
  (Session info: chrome=114.0.5735.134)
For documentation on this error, please visit: https://selenium.dev/exceptions/#no_such_element
Build info: version: '4.8.1', revision: '8ebccac989'
System info: os.name: 'Windows 10', os.arch: 'amd64', os.version: '10.0', java.version: '11.0.19'
Driver info: org.openqa.selenium.chrome.ChromeDriver
Command: [85904e3f98409866694c9749cc878b02, findElement {using=css selector, value=button.close123}]
Capabilities {acceptInsecureCerts: false, browserName: chrome, browserVersion: 114.0.5735.134, chrome: {chromedriverVersion: 114.0.5735.90 (386bc09e8f4f..., userDataDir: C:\Users\Admin\AppData\Loca...}, goog:chromeOptions: {debuggerAddress: localhost:50687}, networkConnectionEnabled: false, pageLoadStrategy: normal, platformName: WINDOWS, proxy: Proxy(), se:cdp: ws://localhost:50687/devtoo..., se:cdpVersion: 114.0.5735.134, setWindowRect: true, strictFileInteractability: false, timeouts: {implicit: 0, pageLoad: 300000, script: 30000}, unhandledPromptBehavior: dismiss and notify, webauthn:extension:credBlob: true, webauthn:extension:largeBlob: true, webauthn:extension:minPinLength: true, webauthn:extension:prf: true, webauthn:virtualAuthenticators: true}
Session ID: 85904e3f98409866694c9749cc878b02
	at java.base/jdk.internal.reflect.NativeConstructorAccessorImpl.newInstance0(Native Method)
	at java.base/jdk.internal.reflect.NativeConstructorAccessorImpl.newInstance(NativeConstructorAccessorImpl.java:62)
	at java.base/jdk.internal.reflect.DelegatingConstructorAccessorImpl.newInstance(DelegatingConstructorAccessorImpl.java:45)
	at java.base/java.lang.reflect.Constructor.newInstance(Constructor.java:490)
	at org.openqa.selenium.remote.codec.w3c.W3CHttpResponseCodec.createException(W3CHttpResponseCodec.java:200)
	at org.openqa.selenium.remote.codec.w3c.W3CHttpResponseCodec.decode(W3CHttpResponseCodec.java:133)
	at org.openqa.selenium.remote.codec.w3c.W3CHttpResponseCodec.decode(W3CHttpResponseCodec.java:53)
	at org.openqa.selenium.remote.HttpCommandExecutor.execute(HttpCommandExecutor.java:184)
	at org.openqa.selenium.remote.service.DriverCommandExecutor.invokeExecute(DriverCommandExecutor.java:167)
	at org.openqa.selenium.remote.service.DriverCommandExecutor.execute(DriverCommandExecutor.java:142)
	at org.openqa.selenium.remote.RemoteWebDriver.execute(RemoteWebDriver.java:543)
	at org.openqa.selenium.remote.ElementLocation$ElementFinder$2.findElement(ElementLocation.java:162)
	at org.openqa.selenium.remote.ElementLocation.findElement(ElementLocation.java:60)
	at org.openqa.selenium.remote.RemoteWebDriver.findElement(RemoteWebDriver.java:352)
	at org.openqa.selenium.remote.RemoteWebDriver.findElement(RemoteWebDriver.java:344)
	at jdk.internal.reflect.GeneratedMethodAccessor2.invoke(Unknown Source)
	at java.base/jdk.internal.reflect.DelegatingMethodAccessorImpl.invoke(DelegatingMethodAccessorImpl.java:43)
	at java.base/java.lang.reflect.Method.invoke(Method.java:566)
	at org.openqa.selenium.support.events.EventFiringWebDriver.lambda$new$1(EventFiringWebDriver.java:106)
	at com.sun.proxy.$Proxy13.findElement(Unknown Source)
	at org.openqa.selenium.support.events.EventFiringWebDriver.findElement(EventFiringWebDriver.java:195)
	at org.openqa.selenium.support.pagefactory.DefaultElementLocator.findElement(DefaultElementLocator.java:70)
	at org.openqa.selenium.support.pagefactory.internal.LocatingElementHandler.invoke(LocatingElementHandler.java:39)
	at com.sun.proxy.$Proxy17.click(Unknown Source)
	at hms.pages.VistorPage.addvistordetails(VistorPage.java:70)
	at HMSAdmin.Vistortest.vistordetailstest(Vistortest.java:62)
	at java.base/jdk.internal.reflect.NativeMethodAccessorImpl.invoke0(Native Method)
	at java.base/jdk.internal.reflect.NativeMethodAccessorImpl.invoke(NativeMethodAccessorImpl.java:62)
	at java.base/jdk.internal.reflect.DelegatingMethodAccessorImpl.invoke(DelegatingMethodAccessorImpl.java:43)
	at java.base/java.lang.reflect.Method.invoke(Method.java:566)
	at org.testng.internal.invokers.MethodInvocationHelper.invokeMethod(MethodInvocationHelper.java:139)
	at org.testng.internal.invokers.TestInvoker.invokeMethod(TestInvoker.java:677)
	at org.testng.internal.invokers.TestInvoker.invokeTestMethod(TestInvoker.java:221)
	at org.testng.internal.invokers.MethodRunner.runInSequence(MethodRunner.java:50)
	at org.testng.internal.invokers.TestInvoker$MethodInvocationAgent.invoke(TestInvoker.java:969)
	at org.testng.internal.invokers.TestInvoker.invokeTestMethods(TestInvoker.java:194)
	at org.testng.internal.invokers.TestMethodWorker.invokeTestMethods(TestMethodWorker.java:148)
	at org.testng.internal.invokers.TestMethodWorker.run(TestMethodWorker.java:128)
	at java.base/java.util.ArrayList.forEach(ArrayList.java:1541)
	at org.testng.TestRunner.privateRun(TestRunner.java:829)
	at org.testng.TestRunner.run(TestRunner.java:602)
	at org.testng.SuiteRunner.runTest(SuiteRunner.java:437)
	at org.testng.SuiteRunner.runSequentially(SuiteRunner.java:431)
	at org.testng.SuiteRunner.privateRun(SuiteRunner.java:391)
	at org.testng.SuiteRunner.run(SuiteRunner.java:330)
	at org.testng.SuiteRunnerWorker.runSuite(SuiteRunnerWorker.java:52)
	at org.testng.SuiteRunnerWorker.run(SuiteRunnerWorker.java:95)
	at org.testng.TestNG.runSuitesSequentially(TestNG.java:1256)
	at org.testng.TestNG.runSuitesLocally(TestNG.java:1176)
	at org.testng.TestNG.runSuites(TestNG.java:1099)
	at org.testng.TestNG.run(TestNG.java:1067)
	at org.apache.maven.surefire.testng.TestNGExecutor.run(TestNGExecutor.java:308)
	at org.apache.maven.surefire.testng.TestNGXmlTestSuite.execute(TestNGXmlTestSuite.java:71)
	at org.apache.maven.surefire.testng.TestNGProvider.invoke(TestNGProvider.java:113)
	at org.apache.maven.surefire.booter.ForkedBooter.runSuitesInProcess(ForkedBooter.java:385)
	at org.apache.maven.surefire.booter.ForkedBooter.execute(ForkedBooter.java:162)
	at org.apache.maven.surefire.booter.ForkedBooter.run(ForkedBooter.java:507)
	at org.apache.maven.surefire.booter.ForkedBooter.main(ForkedBooter.java:495)
]]></failure>
    <system-out><![CDATA[before FindBY By.cssSelector: input#email
afterFindByBy.cssSelector: input#email
afterChangeValueOf [[ChromeDriver: chrome on WINDOWS (85904e3f98409866694c9749cc878b02)] -> css selector: input#email]
before FindBY By.cssSelector: input#password
afterFindByBy.cssSelector: input#password
afterChangeValueOf [[ChromeDriver: chrome on WINDOWS (85904e3f98409866694c9749cc878b02)] -> css selector: input#password]
before FindBY By.cssSelector: button.btn
afterFindByBy.cssSelector: button.btn
afterClickOn [[ChromeDriver: chrome on WINDOWS (85904e3f98409866694c9749cc878b02)] -> css selector: button.btn]
before FindBY By.cssSelector: ul.sidebar-menu>li
afterFindByBy.cssSelector: ul.sidebar-menu>li
afterClickOn [[ChromeDriver: chrome on WINDOWS (85904e3f98409866694c9749cc878b02)] -> css selector: ul.sidebar-menu>li]
before FindBY By.cssSelector: div.box-tools>a:nth-child(2)
afterFindByBy.cssSelector: div.box-tools>a:nth-child(2)
afterClickOn [[ChromeDriver: chrome on WINDOWS (85904e3f98409866694c9749cc878b02)] -> css selector: div.box-tools>a:nth-child(2)]
before FindBY By.cssSelector: h3.box-title
afterFindByBy.cssSelector: h3.box-title
before FindBY By.cssSelector: div.box-tools>a
afterFindByBy.cssSelector: div.box-tools>a
afterClickOn [[ChromeDriver: chrome on WINDOWS (85904e3f98409866694c9749cc878b02)] -> css selector: div.box-tools>a]
before FindBY By.xpath: //h4[text()=' Add Visitor']
afterFindByBy.xpath: //h4[text()=' Add Visitor']
before FindBY By.xpath: //h4[text()=' Add Visitor']
afterFindByBy.xpath: //h4[text()=' Add Visitor']
before FindBY By.xpath: //h4[text()=' Add Visitor']
afterFindByBy.xpath: //h4[text()=' Add Visitor']
before FindBY By.cssSelector: form#formadd select[name='purpose']
afterFindByBy.cssSelector: form#formadd select[name='purpose']
before FindBY By.cssSelector: form#formadd select[name='purpose']
afterFindByBy.cssSelector: form#formadd select[name='purpose']
before FindBY By.cssSelector: form#formadd select[name='purpose']
afterFindByBy.cssSelector: form#formadd select[name='purpose']
before FindBY By.cssSelector: form#formadd select[name='purpose']
afterFindByBy.cssSelector: form#formadd select[name='purpose']
before FindBY By.xpath: .//option[normalize-space(.) = "checkup"]
afterFindByBy.xpath: .//option[normalize-space(.) = "checkup"]
afterClickOn [[[[ChromeDriver: chrome on WINDOWS (85904e3f98409866694c9749cc878b02)] -> css selector: form#formadd select[name='purpose']]] -> xpath: .//option[normalize-space(.) = "checkup"]]
before FindBY By.cssSelector: form#formadd input[name='name']
afterFindByBy.cssSelector: form#formadd input[name='name']
afterChangeValueOf [[ChromeDriver: chrome on WINDOWS (85904e3f98409866694c9749cc878b02)] -> css selector: form#formadd input[name='name']]
before FindBY By.cssSelector: form#formadd input[name='contact']
afterFindByBy.cssSelector: form#formadd input[name='contact']
afterChangeValueOf [[ChromeDriver: chrome on WINDOWS (85904e3f98409866694c9749cc878b02)] -> css selector: form#formadd input[name='contact']]
before FindBY By.cssSelector: form#formadd input[name='id_proof']
afterFindByBy.cssSelector: form#formadd input[name='id_proof']
afterChangeValueOf [[ChromeDriver: chrome on WINDOWS (85904e3f98409866694c9749cc878b02)] -> css selector: form#formadd input[name='id_proof']]
before FindBY By.cssSelector: form#formadd input[name='pepples']
afterFindByBy.cssSelector: form#formadd input[name='pepples']
afterChangeValueOf [[ChromeDriver: chrome on WINDOWS (85904e3f98409866694c9749cc878b02)] -> css selector: form#formadd input[name='pepples']]
before FindBY By.cssSelector: form#formadd textarea[name='note']
afterFindByBy.cssSelector: form#formadd textarea[name='note']
afterChangeValueOf [[ChromeDriver: chrome on WINDOWS (85904e3f98409866694c9749cc878b02)] -> css selector: form#formadd textarea[name='note']]
before FindBY By.cssSelector: form#formadd input[name='date']
afterFindByBy.cssSelector: form#formadd input[name='date']
afterClickOn [[ChromeDriver: chrome on WINDOWS (85904e3f98409866694c9749cc878b02)] -> css selector: form#formadd input[name='date']]
before FindBY By.className: datepicker-switch
afterFindByBy.className: datepicker-switch
afterClickOn [[ChromeDriver: chrome on WINDOWS (85904e3f98409866694c9749cc878b02)] -> class name: datepicker-switch]
before FindBY By.cssSelector: div.datepicker-months>table.table.table-condensed>thead>tr>th.datepicker-switch
afterFindByBy.cssSelector: div.datepicker-months>table.table.table-condensed>thead>tr>th.datepicker-switch
before FindBY By.cssSelector: div.datepicker-months>table.table.table-condensed>thead>tr>th.prev
afterFindByBy.cssSelector: div.datepicker-months>table.table.table-condensed>thead>tr>th.prev
afterClickOn [[ChromeDriver: chrome on WINDOWS (85904e3f98409866694c9749cc878b02)] -> css selector: div.datepicker-months>table.table.table-condensed>thead>tr>th.prev]
before FindBY By.cssSelector: div.datepicker-months>table.table.table-condensed>thead>tr>th.datepicker-switch
afterFindByBy.cssSelector: div.datepicker-months>table.table.table-condensed>thead>tr>th.datepicker-switch
before FindBY By.cssSelector: div.datepicker-months>table.table.table-condensed>thead>tr>th.prev
afterFindByBy.cssSelector: div.datepicker-months>table.table.table-condensed>thead>tr>th.prev
afterClickOn [[ChromeDriver: chrome on WINDOWS (85904e3f98409866694c9749cc878b02)] -> css selector: div.datepicker-months>table.table.table-condensed>thead>tr>th.prev]
before FindBY By.cssSelector: div.datepicker-months>table.table.table-condensed>thead>tr>th.datepicker-switch
afterFindByBy.cssSelector: div.datepicker-months>table.table.table-condensed>thead>tr>th.datepicker-switch
before FindBY By.cssSelector: div.datepicker-months>table.table.table-condensed>thead>tr>th.prev
afterFindByBy.cssSelector: div.datepicker-months>table.table.table-condensed>thead>tr>th.prev
afterClickOn [[ChromeDriver: chrome on WINDOWS (85904e3f98409866694c9749cc878b02)] -> css selector: div.datepicker-months>table.table.table-condensed>thead>tr>th.prev]
before FindBY By.cssSelector: div.datepicker-months>table.table.table-condensed>thead>tr>th.datepicker-switch
afterFindByBy.cssSelector: div.datepicker-months>table.table.table-condensed>thead>tr>th.datepicker-switch
before FindBY By.cssSelector: div.datepicker-months>table.table.table-condensed>thead>tr>th.prev
afterFindByBy.cssSelector: div.datepicker-months>table.table.table-condensed>thead>tr>th.prev
afterClickOn [[ChromeDriver: chrome on WINDOWS (85904e3f98409866694c9749cc878b02)] -> css selector: div.datepicker-months>table.table.table-condensed>thead>tr>th.prev]
before FindBY By.cssSelector: div.datepicker-months>table.table.table-condensed>thead>tr>th.datepicker-switch
afterFindByBy.cssSelector: div.datepicker-months>table.table.table-condensed>thead>tr>th.datepicker-switch
before FindBY By.cssSelector: div.datepicker-months>table.table.table-condensed>thead>tr>th.prev
afterFindByBy.cssSelector: div.datepicker-months>table.table.table-condensed>thead>tr>th.prev
afterClickOn [[ChromeDriver: chrome on WINDOWS (85904e3f98409866694c9749cc878b02)] -> css selector: div.datepicker-months>table.table.table-condensed>thead>tr>th.prev]
before FindBY By.cssSelector: div.datepicker-months>table.table.table-condensed>thead>tr>th.datepicker-switch
afterFindByBy.cssSelector: div.datepicker-months>table.table.table-condensed>thead>tr>th.datepicker-switch
before FindBY By.cssSelector: div.datepicker-months>table.table.table-condensed>thead>tr>th.prev
afterFindByBy.cssSelector: div.datepicker-months>table.table.table-condensed>thead>tr>th.prev
afterClickOn [[ChromeDriver: chrome on WINDOWS (85904e3f98409866694c9749cc878b02)] -> css selector: div.datepicker-months>table.table.table-condensed>thead>tr>th.prev]
before FindBY By.cssSelector: div.datepicker-months>table.table.table-condensed>thead>tr>th.datepicker-switch
afterFindByBy.cssSelector: div.datepicker-months>table.table.table-condensed>thead>tr>th.datepicker-switch
before FindBY By.cssSelector: div.datepicker-months>table.table.table-condensed>thead>tr>th.prev
afterFindByBy.cssSelector: div.datepicker-months>table.table.table-condensed>thead>tr>th.prev
afterClickOn [[ChromeDriver: chrome on WINDOWS (85904e3f98409866694c9749cc878b02)] -> css selector: div.datepicker-months>table.table.table-condensed>thead>tr>th.prev]
before FindBY By.cssSelector: div.datepicker-months>table.table.table-condensed>thead>tr>th.datepicker-switch
afterFindByBy.cssSelector: div.datepicker-months>table.table.table-condensed>thead>tr>th.datepicker-switch
before FindBY By.cssSelector: div.datepicker-months>table.table.table-condensed>thead>tr>th.prev
afterFindByBy.cssSelector: div.datepicker-months>table.table.table-condensed>thead>tr>th.prev
afterClickOn [[ChromeDriver: chrome on WINDOWS (85904e3f98409866694c9749cc878b02)] -> css selector: div.datepicker-months>table.table.table-condensed>thead>tr>th.prev]
before FindBY By.cssSelector: div.datepicker-months>table.table.table-condensed>thead>tr>th.datepicker-switch
afterFindByBy.cssSelector: div.datepicker-months>table.table.table-condensed>thead>tr>th.datepicker-switch
before FindBY By.cssSelector: div.datepicker-months>table.table.table-condensed>thead>tr>th.prev
afterFindByBy.cssSelector: div.datepicker-months>table.table.table-condensed>thead>tr>th.prev
afterClickOn [[ChromeDriver: chrome on WINDOWS (85904e3f98409866694c9749cc878b02)] -> css selector: div.datepicker-months>table.table.table-condensed>thead>tr>th.prev]
before FindBY By.cssSelector: div.datepicker-months>table.table.table-condensed>thead>tr>th.datepicker-switch
afterFindByBy.cssSelector: div.datepicker-months>table.table.table-condensed>thead>tr>th.datepicker-switch
before FindBY By.cssSelector: div.datepicker-months>table.table.table-condensed>thead>tr>th.prev
afterFindByBy.cssSelector: div.datepicker-months>table.table.table-condensed>thead>tr>th.prev
afterClickOn [[ChromeDriver: chrome on WINDOWS (85904e3f98409866694c9749cc878b02)] -> css selector: div.datepicker-months>table.table.table-condensed>thead>tr>th.prev]
before FindBY By.cssSelector: div.datepicker-months>table.table.table-condensed>thead>tr>th.datepicker-switch
afterFindByBy.cssSelector: div.datepicker-months>table.table.table-condensed>thead>tr>th.datepicker-switch
before FindBY By.cssSelector: div.datepicker-months>table.table.table-condensed>thead>tr>th.prev
afterFindByBy.cssSelector: div.datepicker-months>table.table.table-condensed>thead>tr>th.prev
afterClickOn [[ChromeDriver: chrome on WINDOWS (85904e3f98409866694c9749cc878b02)] -> css selector: div.datepicker-months>table.table.table-condensed>thead>tr>th.prev]
before FindBY By.cssSelector: div.datepicker-months>table.table.table-condensed>thead>tr>th.datepicker-switch
afterFindByBy.cssSelector: div.datepicker-months>table.table.table-condensed>thead>tr>th.datepicker-switch
before FindBY By.cssSelector: div.datepicker-months>table.table.table-condensed>thead>tr>th.prev
afterFindByBy.cssSelector: div.datepicker-months>table.table.table-condensed>thead>tr>th.prev
afterClickOn [[ChromeDriver: chrome on WINDOWS (85904e3f98409866694c9749cc878b02)] -> css selector: div.datepicker-months>table.table.table-condensed>thead>tr>th.prev]
before FindBY By.cssSelector: div.datepicker-months>table.table.table-condensed>thead>tr>th.datepicker-switch
afterFindByBy.cssSelector: div.datepicker-months>table.table.table-condensed>thead>tr>th.datepicker-switch
before FindBY By.cssSelector: div.datepicker-months>table.table.table-condensed>thead>tr>th.prev
afterFindByBy.cssSelector: div.datepicker-months>table.table.table-condensed>thead>tr>th.prev
afterClickOn [[ChromeDriver: chrome on WINDOWS (85904e3f98409866694c9749cc878b02)] -> css selector: div.datepicker-months>table.table.table-condensed>thead>tr>th.prev]
before FindBY By.cssSelector: div.datepicker-months>table.table.table-condensed>thead>tr>th.datepicker-switch
afterFindByBy.cssSelector: div.datepicker-months>table.table.table-condensed>thead>tr>th.datepicker-switch
before FindBY By.cssSelector: div.datepicker-months>table.table.table-condensed>thead>tr>th.prev
afterFindByBy.cssSelector: div.datepicker-months>table.table.table-condensed>thead>tr>th.prev
afterClickOn [[ChromeDriver: chrome on WINDOWS (85904e3f98409866694c9749cc878b02)] -> css selector: div.datepicker-months>table.table.table-condensed>thead>tr>th.prev]
before FindBY By.cssSelector: div.datepicker-months>table.table.table-condensed>thead>tr>th.datepicker-switch
afterFindByBy.cssSelector: div.datepicker-months>table.table.table-condensed>thead>tr>th.datepicker-switch
before FindBY By.cssSelector: div.datepicker-months>table.table.table-condensed>thead>tr>th.prev
afterFindByBy.cssSelector: div.datepicker-months>table.table.table-condensed>thead>tr>th.prev
afterClickOn [[ChromeDriver: chrome on WINDOWS (85904e3f98409866694c9749cc878b02)] -> css selector: div.datepicker-months>table.table.table-condensed>thead>tr>th.prev]
before FindBY By.cssSelector: div.datepicker-months>table.table.table-condensed>thead>tr>th.datepicker-switch
afterFindByBy.cssSelector: div.datepicker-months>table.table.table-condensed>thead>tr>th.datepicker-switch
before FindBY By.cssSelector: div.datepicker-months>table.table.table-condensed>thead>tr>th.prev
afterFindByBy.cssSelector: div.datepicker-months>table.table.table-condensed>thead>tr>th.prev
afterClickOn [[ChromeDriver: chrome on WINDOWS (85904e3f98409866694c9749cc878b02)] -> css selector: div.datepicker-months>table.table.table-condensed>thead>tr>th.prev]
before FindBY By.cssSelector: div.datepicker-months>table.table.table-condensed>thead>tr>th.datepicker-switch
afterFindByBy.cssSelector: div.datepicker-months>table.table.table-condensed>thead>tr>th.datepicker-switch
before FindBY By.cssSelector: div.datepicker-months>table.table.table-condensed>thead>tr>th.prev
afterFindByBy.cssSelector: div.datepicker-months>table.table.table-condensed>thead>tr>th.prev
afterClickOn [[ChromeDriver: chrome on WINDOWS (85904e3f98409866694c9749cc878b02)] -> css selector: div.datepicker-months>table.table.table-condensed>thead>tr>th.prev]
before FindBY By.cssSelector: div.datepicker-months>table.table.table-condensed>thead>tr>th.datepicker-switch
afterFindByBy.cssSelector: div.datepicker-months>table.table.table-condensed>thead>tr>th.datepicker-switch
before FindBY By.cssSelector: div.datepicker-months>table.table.table-condensed>thead>tr>th.prev
afterFindByBy.cssSelector: div.datepicker-months>table.table.table-condensed>thead>tr>th.prev
afterClickOn [[ChromeDriver: chrome on WINDOWS (85904e3f98409866694c9749cc878b02)] -> css selector: div.datepicker-months>table.table.table-condensed>thead>tr>th.prev]
before FindBY By.cssSelector: div.datepicker-months>table.table.table-condensed>thead>tr>th.datepicker-switch
afterFindByBy.cssSelector: div.datepicker-months>table.table.table-condensed>thead>tr>th.datepicker-switch
before FindBY By.cssSelector: div.datepicker-months>table.table.table-condensed>thead>tr>th.prev
afterFindByBy.cssSelector: div.datepicker-months>table.table.table-condensed>thead>tr>th.prev
afterClickOn [[ChromeDriver: chrome on WINDOWS (85904e3f98409866694c9749cc878b02)] -> css selector: div.datepicker-months>table.table.table-condensed>thead>tr>th.prev]
before FindBY By.cssSelector: div.datepicker-months>table.table.table-condensed>thead>tr>th.datepicker-switch
afterFindByBy.cssSelector: div.datepicker-months>table.table.table-condensed>thead>tr>th.datepicker-switch
before FindBY By.cssSelector: div.datepicker-months>table.table.table-condensed>thead>tr>th.prev
afterFindByBy.cssSelector: div.datepicker-months>table.table.table-condensed>thead>tr>th.prev
afterClickOn [[ChromeDriver: chrome on WINDOWS (85904e3f98409866694c9749cc878b02)] -> css selector: div.datepicker-months>table.table.table-condensed>thead>tr>th.prev]
before FindBY By.cssSelector: div.datepicker-months>table.table.table-condensed>thead>tr>th.datepicker-switch
afterFindByBy.cssSelector: div.datepicker-months>table.table.table-condensed>thead>tr>th.datepicker-switch
before FindBY By.cssSelector: div.datepicker-months>table.table.table-condensed>thead>tr>th.prev
afterFindByBy.cssSelector: div.datepicker-months>table.table.table-condensed>thead>tr>th.prev
afterClickOn [[ChromeDriver: chrome on WINDOWS (85904e3f98409866694c9749cc878b02)] -> css selector: div.datepicker-months>table.table.table-condensed>thead>tr>th.prev]
before FindBY By.cssSelector: div.datepicker-months>table.table.table-condensed>thead>tr>th.datepicker-switch
afterFindByBy.cssSelector: div.datepicker-months>table.table.table-condensed>thead>tr>th.datepicker-switch
before FindBY By.cssSelector: div.datepicker-months>table.table.table-condensed>thead>tr>th.prev
afterFindByBy.cssSelector: div.datepicker-months>table.table.table-condensed>thead>tr>th.prev
afterClickOn [[ChromeDriver: chrome on WINDOWS (85904e3f98409866694c9749cc878b02)] -> css selector: div.datepicker-months>table.table.table-condensed>thead>tr>th.prev]
before FindBY By.cssSelector: div.datepicker-months>table.table.table-condensed>thead>tr>th.datepicker-switch
afterFindByBy.cssSelector: div.datepicker-months>table.table.table-condensed>thead>tr>th.datepicker-switch
before FindBY By.cssSelector: div.datepicker-months>table.table.table-condensed>thead>tr>th.prev
afterFindByBy.cssSelector: div.datepicker-months>table.table.table-condensed>thead>tr>th.prev
afterClickOn [[ChromeDriver: chrome on WINDOWS (85904e3f98409866694c9749cc878b02)] -> css selector: div.datepicker-months>table.table.table-condensed>thead>tr>th.prev]
before FindBY By.cssSelector: div.datepicker-months>table.table.table-condensed>thead>tr>th.datepicker-switch
afterFindByBy.cssSelector: div.datepicker-months>table.table.table-condensed>thead>tr>th.datepicker-switch
before FindBY By.cssSelector: div.datepicker-months>table.table.table-condensed>thead>tr>th.prev
afterFindByBy.cssSelector: div.datepicker-months>table.table.table-condensed>thead>tr>th.prev
afterClickOn [[ChromeDriver: chrome on WINDOWS (85904e3f98409866694c9749cc878b02)] -> css selector: div.datepicker-months>table.table.table-condensed>thead>tr>th.prev]
before FindBY By.cssSelector: div.datepicker-months>table.table.table-condensed>thead>tr>th.datepicker-switch
afterFindByBy.cssSelector: div.datepicker-months>table.table.table-condensed>thead>tr>th.datepicker-switch
before FindBY By.cssSelector: div.datepicker-months>table.table.table-condensed>thead>tr>th.prev
afterFindByBy.cssSelector: div.datepicker-months>table.table.table-condensed>thead>tr>th.prev
afterClickOn [[ChromeDriver: chrome on WINDOWS (85904e3f98409866694c9749cc878b02)] -> css selector: div.datepicker-months>table.table.table-condensed>thead>tr>th.prev]
before FindBY By.cssSelector: div.datepicker-months>table.table.table-condensed>thead>tr>th.datepicker-switch
afterFindByBy.cssSelector: div.datepicker-months>table.table.table-condensed>thead>tr>th.datepicker-switch
before FindBY By.cssSelector: div.datepicker-months>table.table.table-condensed>thead>tr>th.prev
afterFindByBy.cssSelector: div.datepicker-months>table.table.table-condensed>thead>tr>th.prev
afterClickOn [[ChromeDriver: chrome on WINDOWS (85904e3f98409866694c9749cc878b02)] -> css selector: div.datepicker-months>table.table.table-condensed>thead>tr>th.prev]
before FindBY By.cssSelector: div.datepicker-months>table.table.table-condensed>thead>tr>th.datepicker-switch
afterFindByBy.cssSelector: div.datepicker-months>table.table.table-condensed>thead>tr>th.datepicker-switch
before FindBY By.cssSelector: div.datepicker-months>table.table.table-condensed>thead>tr>th.prev
afterFindByBy.cssSelector: div.datepicker-months>table.table.table-condensed>thead>tr>th.prev
afterClickOn [[ChromeDriver: chrome on WINDOWS (85904e3f98409866694c9749cc878b02)] -> css selector: div.datepicker-months>table.table.table-condensed>thead>tr>th.prev]
before FindBY By.cssSelector: div.datepicker-months>table.table.table-condensed>thead>tr>th.datepicker-switch
afterFindByBy.cssSelector: div.datepicker-months>table.table.table-condensed>thead>tr>th.datepicker-switch
before FindBY By.cssSelector: div.datepicker-months>table.table.table-condensed>thead>tr>th.prev
afterFindByBy.cssSelector: div.datepicker-months>table.table.table-condensed>thead>tr>th.prev
afterClickOn [[ChromeDriver: chrome on WINDOWS (85904e3f98409866694c9749cc878b02)] -> css selector: div.datepicker-months>table.table.table-condensed>thead>tr>th.prev]
before FindBY By.cssSelector: div.datepicker-months>table.table.table-condensed>thead>tr>th.datepicker-switch
afterFindByBy.cssSelector: div.datepicker-months>table.table.table-condensed>thead>tr>th.datepicker-switch
before FindBY By.cssSelector: div.datepicker-months>table.table.table-condensed>thead>tr>th.prev
afterFindByBy.cssSelector: div.datepicker-months>table.table.table-condensed>thead>tr>th.prev
afterClickOn [[ChromeDriver: chrome on WINDOWS (85904e3f98409866694c9749cc878b02)] -> css selector: div.datepicker-months>table.table.table-condensed>thead>tr>th.prev]
before FindBY By.cssSelector: div.datepicker-months>table.table.table-condensed>thead>tr>th.datepicker-switch
afterFindByBy.cssSelector: div.datepicker-months>table.table.table-condensed>thead>tr>th.datepicker-switch
before FindBY By.cssSelector: div.datepicker-months>table.table.table-condensed>thead>tr>th.prev
afterFindByBy.cssSelector: div.datepicker-months>table.table.table-condensed>thead>tr>th.prev
afterClickOn [[ChromeDriver: chrome on WINDOWS (85904e3f98409866694c9749cc878b02)] -> css selector: div.datepicker-months>table.table.table-condensed>thead>tr>th.prev]
before FindBY By.cssSelector: div.datepicker-months>table.table.table-condensed>thead>tr>th.datepicker-switch
afterFindByBy.cssSelector: div.datepicker-months>table.table.table-condensed>thead>tr>th.datepicker-switch
before FindBY By.cssSelector: div.datepicker-months>table.table.table-condensed>thead>tr>th.prev
afterFindByBy.cssSelector: div.datepicker-months>table.table.table-condensed>thead>tr>th.prev
afterClickOn [[ChromeDriver: chrome on WINDOWS (85904e3f98409866694c9749cc878b02)] -> css selector: div.datepicker-months>table.table.table-condensed>thead>tr>th.prev]
before FindBY By.cssSelector: div.datepicker-months>table.table.table-condensed>thead>tr>th.datepicker-switch
afterFindByBy.cssSelector: div.datepicker-months>table.table.table-condensed>thead>tr>th.datepicker-switch
before FindBY By.cssSelector: div.datepicker-months>table.table.table-condensed>thead>tr>th.prev
afterFindByBy.cssSelector: div.datepicker-months>table.table.table-condensed>thead>tr>th.prev
afterClickOn [[ChromeDriver: chrome on WINDOWS (85904e3f98409866694c9749cc878b02)] -> css selector: div.datepicker-months>table.table.table-condensed>thead>tr>th.prev]
before FindBY By.cssSelector: div.datepicker-months>table.table.table-condensed>thead>tr>th.datepicker-switch
afterFindByBy.cssSelector: div.datepicker-months>table.table.table-condensed>thead>tr>th.datepicker-switch
before FindBY By.cssSelector: div.datepicker-months>table.table.table-condensed>thead>tr>th.prev
afterFindByBy.cssSelector: div.datepicker-months>table.table.table-condensed>thead>tr>th.prev
afterClickOn [[ChromeDriver: chrome on WINDOWS (85904e3f98409866694c9749cc878b02)] -> css selector: div.datepicker-months>table.table.table-condensed>thead>tr>th.prev]
before FindBY By.cssSelector: div.datepicker-months>table.table.table-condensed>thead>tr>th.datepicker-switch
afterFindByBy.cssSelector: div.datepicker-months>table.table.table-condensed>thead>tr>th.datepicker-switch
before FindBY By.cssSelector: div.datepicker-months>table.table.table-condensed>thead>tr>th.prev
afterFindByBy.cssSelector: div.datepicker-months>table.table.table-condensed>thead>tr>th.prev
afterClickOn [[ChromeDriver: chrome on WINDOWS (85904e3f98409866694c9749cc878b02)] -> css selector: div.datepicker-months>table.table.table-condensed>thead>tr>th.prev]
before FindBY By.cssSelector: div.datepicker-months>table.table.table-condensed>thead>tr>th.datepicker-switch
afterFindByBy.cssSelector: div.datepicker-months>table.table.table-condensed>thead>tr>th.datepicker-switch
before FindBY By.cssSelector: div.datepicker-months>table.table.table-condensed>thead>tr>th.prev
afterFindByBy.cssSelector: div.datepicker-months>table.table.table-condensed>thead>tr>th.prev
afterClickOn [[ChromeDriver: chrome on WINDOWS (85904e3f98409866694c9749cc878b02)] -> css selector: div.datepicker-months>table.table.table-condensed>thead>tr>th.prev]
before FindBY By.cssSelector: div.datepicker-months>table.table.table-condensed>thead>tr>th.datepicker-switch
afterFindByBy.cssSelector: div.datepicker-months>table.table.table-condensed>thead>tr>th.datepicker-switch
before FindBY By.cssSelector: div.datepicker-months>table.table.table-condensed>thead>tr>th.prev
afterFindByBy.cssSelector: div.datepicker-months>table.table.table-condensed>thead>tr>th.prev
afterClickOn [[ChromeDriver: chrome on WINDOWS (85904e3f98409866694c9749cc878b02)] -> css selector: div.datepicker-months>table.table.table-condensed>thead>tr>th.prev]
before FindBY By.cssSelector: div.datepicker-months>table.table.table-condensed>thead>tr>th.datepicker-switch
afterFindByBy.cssSelector: div.datepicker-months>table.table.table-condensed>thead>tr>th.datepicker-switch
before FindBY By.cssSelector: div.datepicker-months>table.table.table-condensed>thead>tr>th.prev
afterFindByBy.cssSelector: div.datepicker-months>table.table.table-condensed>thead>tr>th.prev
afterClickOn [[ChromeDriver: chrome on WINDOWS (85904e3f98409866694c9749cc878b02)] -> css selector: div.datepicker-months>table.table.table-condensed>thead>tr>th.prev]
before FindBY By.cssSelector: div.datepicker-months>table.table.table-condensed>thead>tr>th.datepicker-switch
afterFindByBy.cssSelector: div.datepicker-months>table.table.table-condensed>thead>tr>th.datepicker-switch
before FindBY By.cssSelector: span.month
afterFindByBy.cssSelector: span.month
afterClickOn [[ChromeDriver: chrome on WINDOWS (85904e3f98409866694c9749cc878b02)] -> css selector: span.month]
before FindBY By.cssSelector: div.datepicker-days
afterFindByBy.cssSelector: div.datepicker-days
before FindBY By.xpath: //td[@class='old day']/following::td[@class='day']
afterFindByBy.xpath: //td[@class='old day']/following::td[@class='day']
afterClickOn [[[[ChromeDriver: chrome on WINDOWS (85904e3f98409866694c9749cc878b02)] -> css selector: div.datepicker-days]] -> xpath: //td[@class='old day']/following::td[@class='day']]
before FindBY By.cssSelector: form#formadd input[name='file']
afterFindByBy.cssSelector: form#formadd input[name='file']
before FindBY By.cssSelector: button.close123
Testcase doneorg.openqa.selenium.NoSuchElementException: no such element: Unable to locate element: {"method":"css selector","selector":"button.close123"}
  (Session info: chrome=114.0.5735.134)
For documentation on this error, please visit: https://selenium.dev/exceptions/#no_such_element
Build info: version: '4.8.1', revision: '8ebccac989'
System info: os.name: 'Windows 10', os.arch: 'amd64', os.version: '10.0', java.version: '11.0.19'
Driver info: org.openqa.selenium.chrome.ChromeDriver
Command: [85904e3f98409866694c9749cc878b02, findElement {using=css selector, value=button.close123}]
Capabilities {acceptInsecureCerts: false, browserName: chrome, browserVersion: 114.0.5735.134, chrome: {chromedriverVersion: 114.0.5735.90 (386bc09e8f4f..., userDataDir: C:\Users\Admin\AppData\Loca...}, goog:chromeOptions: {debuggerAddress: localhost:50687}, networkConnectionEnabled: false, pageLoadStrategy: normal, platformName: WINDOWS, proxy: Proxy(), se:cdp: ws://localhost:50687/devtoo..., se:cdpVersion: 114.0.5735.134, setWindowRect: true, strictFileInteractability: false, timeouts: {implicit: 0, pageLoad: 300000, script: 30000}, unhandledPromptBehavior: dismiss and notify, webauthn:extension:credBlob: true, webauthn:extension:largeBlob: true, webauthn:extension:minPinLength: true, webauthn:extension:prf: true, webauthn:virtualAuthenticators: true}
Session ID: 85904e3f98409866694c9749cc878b02
Testcase doneChromeDriver: chrome on WINDOWS (85904e3f98409866694c9749cc878b02)
]]></system-out>
    <system-err><![CDATA[Starting ChromeDriver 114.0.5735.90 (386bc09e8f4f2e025eddae123f36f6263096ae49-refs/branch-heads/5735@{#1052}) on port 27376
Only local connections are allowed.
Please see https://chromedriver.chromium.org/security-considerations for suggestions on keeping ChromeDriver safe.
ChromeDriver was started successfully.
Jun 19, 2023 11:59:44 AM org.openqa.selenium.devtools.CdpVersionFinder findNearestMatch
WARNING: Unable to find an exact match for CDP version 114, so returning the closest version found: 110
]]></system-err>
  </testcase>
  <testcase name="vistordetailstest[[Ljava.lang.String;@485deee1](3)" classname="HMSAdmin.Vistortest" time="80.432">
    <failure message="no such element: Unable to locate element: {&quot;method&quot;:&quot;css selector&quot;,&quot;selector&quot;:&quot;button.close123&quot;}&#10;  (Session info: chrome=114.0.5735.134)&#10;For documentation on this error, please visit: https://selenium.dev/exceptions/#no_such_element&#10;Build info: version: &apos;4.8.1&apos;, revision: &apos;8ebccac989&apos;&#10;System info: os.name: &apos;Windows 10&apos;, os.arch: &apos;amd64&apos;, os.version: &apos;10.0&apos;, java.version: &apos;11.0.19&apos;&#10;Driver info: org.openqa.selenium.chrome.ChromeDriver&#10;Command: [6f23b60642ec659dc5e441b87fc648fb, findElement {using=css selector, value=button.close123}]&#10;Capabilities {acceptInsecureCerts: false, browserName: chrome, browserVersion: 114.0.5735.134, chrome: {chromedriverVersion: 114.0.5735.90 (386bc09e8f4f..., userDataDir: C:\Users\Admin\AppData\Loca...}, goog:chromeOptions: {debuggerAddress: localhost:50889}, networkConnectionEnabled: false, pageLoadStrategy: normal, platformName: WINDOWS, proxy: Proxy(), se:cdp: ws://localhost:50889/devtoo..., se:cdpVersion: 114.0.5735.134, setWindowRect: true, strictFileInteractability: false, timeouts: {implicit: 0, pageLoad: 300000, script: 30000}, unhandledPromptBehavior: dismiss and notify, webauthn:extension:credBlob: true, webauthn:extension:largeBlob: true, webauthn:extension:minPinLength: true, webauthn:extension:prf: true, webauthn:virtualAuthenticators: true}&#10;Session ID: 6f23b60642ec659dc5e441b87fc648fb" type="org.openqa.selenium.NoSuchElementException"><![CDATA[org.openqa.selenium.NoSuchElementException: 
no such element: Unable to locate element: {"method":"css selector","selector":"button.close123"}
  (Session info: chrome=114.0.5735.134)
For documentation on this error, please visit: https://selenium.dev/exceptions/#no_such_element
Build info: version: '4.8.1', revision: '8ebccac989'
System info: os.name: 'Windows 10', os.arch: 'amd64', os.version: '10.0', java.version: '11.0.19'
Driver info: org.openqa.selenium.chrome.ChromeDriver
Command: [6f23b60642ec659dc5e441b87fc648fb, findElement {using=css selector, value=button.close123}]
Capabilities {acceptInsecureCerts: false, browserName: chrome, browserVersion: 114.0.5735.134, chrome: {chromedriverVersion: 114.0.5735.90 (386bc09e8f4f..., userDataDir: C:\Users\Admin\AppData\Loca...}, goog:chromeOptions: {debuggerAddress: localhost:50889}, networkConnectionEnabled: false, pageLoadStrategy: normal, platformName: WINDOWS, proxy: Proxy(), se:cdp: ws://localhost:50889/devtoo..., se:cdpVersion: 114.0.5735.134, setWindowRect: true, strictFileInteractability: false, timeouts: {implicit: 0, pageLoad: 300000, script: 30000}, unhandledPromptBehavior: dismiss and notify, webauthn:extension:credBlob: true, webauthn:extension:largeBlob: true, webauthn:extension:minPinLength: true, webauthn:extension:prf: true, webauthn:virtualAuthenticators: true}
Session ID: 6f23b60642ec659dc5e441b87fc648fb
	at java.base/jdk.internal.reflect.NativeConstructorAccessorImpl.newInstance0(Native Method)
	at java.base/jdk.internal.reflect.NativeConstructorAccessorImpl.newInstance(NativeConstructorAccessorImpl.java:62)
	at java.base/jdk.internal.reflect.DelegatingConstructorAccessorImpl.newInstance(DelegatingConstructorAccessorImpl.java:45)
	at java.base/java.lang.reflect.Constructor.newInstance(Constructor.java:490)
	at org.openqa.selenium.remote.codec.w3c.W3CHttpResponseCodec.createException(W3CHttpResponseCodec.java:200)
	at org.openqa.selenium.remote.codec.w3c.W3CHttpResponseCodec.decode(W3CHttpResponseCodec.java:133)
	at org.openqa.selenium.remote.codec.w3c.W3CHttpResponseCodec.decode(W3CHttpResponseCodec.java:53)
	at org.openqa.selenium.remote.HttpCommandExecutor.execute(HttpCommandExecutor.java:184)
	at org.openqa.selenium.remote.service.DriverCommandExecutor.invokeExecute(DriverCommandExecutor.java:167)
	at org.openqa.selenium.remote.service.DriverCommandExecutor.execute(DriverCommandExecutor.java:142)
	at org.openqa.selenium.remote.RemoteWebDriver.execute(RemoteWebDriver.java:543)
	at org.openqa.selenium.remote.ElementLocation$ElementFinder$2.findElement(ElementLocation.java:162)
	at org.openqa.selenium.remote.ElementLocation.findElement(ElementLocation.java:60)
	at org.openqa.selenium.remote.RemoteWebDriver.findElement(RemoteWebDriver.java:352)
	at org.openqa.selenium.remote.RemoteWebDriver.findElement(RemoteWebDriver.java:344)
	at jdk.internal.reflect.GeneratedMethodAccessor2.invoke(Unknown Source)
	at java.base/jdk.internal.reflect.DelegatingMethodAccessorImpl.invoke(DelegatingMethodAccessorImpl.java:43)
	at java.base/java.lang.reflect.Method.invoke(Method.java:566)
	at org.openqa.selenium.support.events.EventFiringWebDriver.lambda$new$1(EventFiringWebDriver.java:106)
	at com.sun.proxy.$Proxy13.findElement(Unknown Source)
	at org.openqa.selenium.support.events.EventFiringWebDriver.findElement(EventFiringWebDriver.java:195)
	at org.openqa.selenium.support.pagefactory.DefaultElementLocator.findElement(DefaultElementLocator.java:70)
	at org.openqa.selenium.support.pagefactory.internal.LocatingElementHandler.invoke(LocatingElementHandler.java:39)
	at com.sun.proxy.$Proxy17.click(Unknown Source)
	at hms.pages.VistorPage.addvistordetails(VistorPage.java:70)
	at HMSAdmin.Vistortest.vistordetailstest(Vistortest.java:62)
	at java.base/jdk.internal.reflect.NativeMethodAccessorImpl.invoke0(Native Method)
	at java.base/jdk.internal.reflect.NativeMethodAccessorImpl.invoke(NativeMethodAccessorImpl.java:62)
	at java.base/jdk.internal.reflect.DelegatingMethodAccessorImpl.invoke(DelegatingMethodAccessorImpl.java:43)
	at java.base/java.lang.reflect.Method.invoke(Method.java:566)
	at org.testng.internal.invokers.MethodInvocationHelper.invokeMethod(MethodInvocationHelper.java:139)
	at org.testng.internal.invokers.TestInvoker.invokeMethod(TestInvoker.java:677)
	at org.testng.internal.invokers.TestInvoker.invokeTestMethod(TestInvoker.java:221)
	at org.testng.internal.invokers.MethodRunner.runInSequence(MethodRunner.java:50)
	at org.testng.internal.invokers.TestInvoker$MethodInvocationAgent.invoke(TestInvoker.java:969)
	at org.testng.internal.invokers.TestInvoker.invokeTestMethods(TestInvoker.java:194)
	at org.testng.internal.invokers.TestMethodWorker.invokeTestMethods(TestMethodWorker.java:148)
	at org.testng.internal.invokers.TestMethodWorker.run(TestMethodWorker.java:128)
	at java.base/java.util.ArrayList.forEach(ArrayList.java:1541)
	at org.testng.TestRunner.privateRun(TestRunner.java:829)
	at org.testng.TestRunner.run(TestRunner.java:602)
	at org.testng.SuiteRunner.runTest(SuiteRunner.java:437)
	at org.testng.SuiteRunner.runSequentially(SuiteRunner.java:431)
	at org.testng.SuiteRunner.privateRun(SuiteRunner.java:391)
	at org.testng.SuiteRunner.run(SuiteRunner.java:330)
	at org.testng.SuiteRunnerWorker.runSuite(SuiteRunnerWorker.java:52)
	at org.testng.SuiteRunnerWorker.run(SuiteRunnerWorker.java:95)
	at org.testng.TestNG.runSuitesSequentially(TestNG.java:1256)
	at org.testng.TestNG.runSuitesLocally(TestNG.java:1176)
	at org.testng.TestNG.runSuites(TestNG.java:1099)
	at org.testng.TestNG.run(TestNG.java:1067)
	at org.apache.maven.surefire.testng.TestNGExecutor.run(TestNGExecutor.java:308)
	at org.apache.maven.surefire.testng.TestNGXmlTestSuite.execute(TestNGXmlTestSuite.java:71)
	at org.apache.maven.surefire.testng.TestNGProvider.invoke(TestNGProvider.java:113)
	at org.apache.maven.surefire.booter.ForkedBooter.runSuitesInProcess(ForkedBooter.java:385)
	at org.apache.maven.surefire.booter.ForkedBooter.execute(ForkedBooter.java:162)
	at org.apache.maven.surefire.booter.ForkedBooter.run(ForkedBooter.java:507)
	at org.apache.maven.surefire.booter.ForkedBooter.main(ForkedBooter.java:495)
]]></failure>
    <system-out><![CDATA[before FindBY By.cssSelector: input#email
afterFindByBy.cssSelector: input#email
afterChangeValueOf [[ChromeDriver: chrome on WINDOWS (6f23b60642ec659dc5e441b87fc648fb)] -> css selector: input#email]
before FindBY By.cssSelector: input#password
afterFindByBy.cssSelector: input#password
afterChangeValueOf [[ChromeDriver: chrome on WINDOWS (6f23b60642ec659dc5e441b87fc648fb)] -> css selector: input#password]
before FindBY By.cssSelector: button.btn
afterFindByBy.cssSelector: button.btn
afterClickOn [[ChromeDriver: chrome on WINDOWS (6f23b60642ec659dc5e441b87fc648fb)] -> css selector: button.btn]
before FindBY By.cssSelector: ul.sidebar-menu>li
afterFindByBy.cssSelector: ul.sidebar-menu>li
afterClickOn [[ChromeDriver: chrome on WINDOWS (6f23b60642ec659dc5e441b87fc648fb)] -> css selector: ul.sidebar-menu>li]
before FindBY By.cssSelector: div.box-tools>a:nth-child(2)
afterFindByBy.cssSelector: div.box-tools>a:nth-child(2)
afterClickOn [[ChromeDriver: chrome on WINDOWS (6f23b60642ec659dc5e441b87fc648fb)] -> css selector: div.box-tools>a:nth-child(2)]
before FindBY By.cssSelector: h3.box-title
afterFindByBy.cssSelector: h3.box-title
before FindBY By.cssSelector: div.box-tools>a
afterFindByBy.cssSelector: div.box-tools>a
afterClickOn [[ChromeDriver: chrome on WINDOWS (6f23b60642ec659dc5e441b87fc648fb)] -> css selector: div.box-tools>a]
before FindBY By.xpath: //h4[text()=' Add Visitor']
afterFindByBy.xpath: //h4[text()=' Add Visitor']
before FindBY By.xpath: //h4[text()=' Add Visitor']
afterFindByBy.xpath: //h4[text()=' Add Visitor']
before FindBY By.xpath: //h4[text()=' Add Visitor']
afterFindByBy.xpath: //h4[text()=' Add Visitor']
before FindBY By.cssSelector: form#formadd select[name='purpose']
afterFindByBy.cssSelector: form#formadd select[name='purpose']
before FindBY By.cssSelector: form#formadd select[name='purpose']
afterFindByBy.cssSelector: form#formadd select[name='purpose']
before FindBY By.cssSelector: form#formadd select[name='purpose']
afterFindByBy.cssSelector: form#formadd select[name='purpose']
before FindBY By.cssSelector: form#formadd select[name='purpose']
afterFindByBy.cssSelector: form#formadd select[name='purpose']
before FindBY By.xpath: .//option[normalize-space(.) = "recheckup"]
afterFindByBy.xpath: .//option[normalize-space(.) = "recheckup"]
afterClickOn [[[[ChromeDriver: chrome on WINDOWS (6f23b60642ec659dc5e441b87fc648fb)] -> css selector: form#formadd select[name='purpose']]] -> xpath: .//option[normalize-space(.) = "recheckup"]]
before FindBY By.cssSelector: form#formadd input[name='name']
afterFindByBy.cssSelector: form#formadd input[name='name']
afterChangeValueOf [[ChromeDriver: chrome on WINDOWS (6f23b60642ec659dc5e441b87fc648fb)] -> css selector: form#formadd input[name='name']]
before FindBY By.cssSelector: form#formadd input[name='contact']
afterFindByBy.cssSelector: form#formadd input[name='contact']
afterChangeValueOf [[ChromeDriver: chrome on WINDOWS (6f23b60642ec659dc5e441b87fc648fb)] -> css selector: form#formadd input[name='contact']]
before FindBY By.cssSelector: form#formadd input[name='id_proof']
afterFindByBy.cssSelector: form#formadd input[name='id_proof']
afterChangeValueOf [[ChromeDriver: chrome on WINDOWS (6f23b60642ec659dc5e441b87fc648fb)] -> css selector: form#formadd input[name='id_proof']]
before FindBY By.cssSelector: form#formadd input[name='pepples']
afterFindByBy.cssSelector: form#formadd input[name='pepples']
afterChangeValueOf [[ChromeDriver: chrome on WINDOWS (6f23b60642ec659dc5e441b87fc648fb)] -> css selector: form#formadd input[name='pepples']]
before FindBY By.cssSelector: form#formadd textarea[name='note']
afterFindByBy.cssSelector: form#formadd textarea[name='note']
afterChangeValueOf [[ChromeDriver: chrome on WINDOWS (6f23b60642ec659dc5e441b87fc648fb)] -> css selector: form#formadd textarea[name='note']]
before FindBY By.cssSelector: form#formadd input[name='date']
afterFindByBy.cssSelector: form#formadd input[name='date']
afterClickOn [[ChromeDriver: chrome on WINDOWS (6f23b60642ec659dc5e441b87fc648fb)] -> css selector: form#formadd input[name='date']]
before FindBY By.className: datepicker-switch
afterFindByBy.className: datepicker-switch
afterClickOn [[ChromeDriver: chrome on WINDOWS (6f23b60642ec659dc5e441b87fc648fb)] -> class name: datepicker-switch]
before FindBY By.cssSelector: div.datepicker-months>table.table.table-condensed>thead>tr>th.datepicker-switch
afterFindByBy.cssSelector: div.datepicker-months>table.table.table-condensed>thead>tr>th.datepicker-switch
before FindBY By.cssSelector: div.datepicker-months>table.table.table-condensed>thead>tr>th.prev
afterFindByBy.cssSelector: div.datepicker-months>table.table.table-condensed>thead>tr>th.prev
afterClickOn [[ChromeDriver: chrome on WINDOWS (6f23b60642ec659dc5e441b87fc648fb)] -> css selector: div.datepicker-months>table.table.table-condensed>thead>tr>th.prev]
before FindBY By.cssSelector: div.datepicker-months>table.table.table-condensed>thead>tr>th.datepicker-switch
afterFindByBy.cssSelector: div.datepicker-months>table.table.table-condensed>thead>tr>th.datepicker-switch
before FindBY By.cssSelector: div.datepicker-months>table.table.table-condensed>thead>tr>th.prev
afterFindByBy.cssSelector: div.datepicker-months>table.table.table-condensed>thead>tr>th.prev
afterClickOn [[ChromeDriver: chrome on WINDOWS (6f23b60642ec659dc5e441b87fc648fb)] -> css selector: div.datepicker-months>table.table.table-condensed>thead>tr>th.prev]
before FindBY By.cssSelector: div.datepicker-months>table.table.table-condensed>thead>tr>th.datepicker-switch
afterFindByBy.cssSelector: div.datepicker-months>table.table.table-condensed>thead>tr>th.datepicker-switch
before FindBY By.cssSelector: div.datepicker-months>table.table.table-condensed>thead>tr>th.prev
afterFindByBy.cssSelector: div.datepicker-months>table.table.table-condensed>thead>tr>th.prev
afterClickOn [[ChromeDriver: chrome on WINDOWS (6f23b60642ec659dc5e441b87fc648fb)] -> css selector: div.datepicker-months>table.table.table-condensed>thead>tr>th.prev]
before FindBY By.cssSelector: div.datepicker-months>table.table.table-condensed>thead>tr>th.datepicker-switch
afterFindByBy.cssSelector: div.datepicker-months>table.table.table-condensed>thead>tr>th.datepicker-switch
before FindBY By.cssSelector: div.datepicker-months>table.table.table-condensed>thead>tr>th.prev
afterFindByBy.cssSelector: div.datepicker-months>table.table.table-condensed>thead>tr>th.prev
afterClickOn [[ChromeDriver: chrome on WINDOWS (6f23b60642ec659dc5e441b87fc648fb)] -> css selector: div.datepicker-months>table.table.table-condensed>thead>tr>th.prev]
before FindBY By.cssSelector: div.datepicker-months>table.table.table-condensed>thead>tr>th.datepicker-switch
afterFindByBy.cssSelector: div.datepicker-months>table.table.table-condensed>thead>tr>th.datepicker-switch
before FindBY By.cssSelector: div.datepicker-months>table.table.table-condensed>thead>tr>th.prev
afterFindByBy.cssSelector: div.datepicker-months>table.table.table-condensed>thead>tr>th.prev
afterClickOn [[ChromeDriver: chrome on WINDOWS (6f23b60642ec659dc5e441b87fc648fb)] -> css selector: div.datepicker-months>table.table.table-condensed>thead>tr>th.prev]
before FindBY By.cssSelector: div.datepicker-months>table.table.table-condensed>thead>tr>th.datepicker-switch
afterFindByBy.cssSelector: div.datepicker-months>table.table.table-condensed>thead>tr>th.datepicker-switch
before FindBY By.cssSelector: div.datepicker-months>table.table.table-condensed>thead>tr>th.prev
afterFindByBy.cssSelector: div.datepicker-months>table.table.table-condensed>thead>tr>th.prev
afterClickOn [[ChromeDriver: chrome on WINDOWS (6f23b60642ec659dc5e441b87fc648fb)] -> css selector: div.datepicker-months>table.table.table-condensed>thead>tr>th.prev]
before FindBY By.cssSelector: div.datepicker-months>table.table.table-condensed>thead>tr>th.datepicker-switch
afterFindByBy.cssSelector: div.datepicker-months>table.table.table-condensed>thead>tr>th.datepicker-switch
before FindBY By.cssSelector: div.datepicker-months>table.table.table-condensed>thead>tr>th.prev
afterFindByBy.cssSelector: div.datepicker-months>table.table.table-condensed>thead>tr>th.prev
afterClickOn [[ChromeDriver: chrome on WINDOWS (6f23b60642ec659dc5e441b87fc648fb)] -> css selector: div.datepicker-months>table.table.table-condensed>thead>tr>th.prev]
before FindBY By.cssSelector: div.datepicker-months>table.table.table-condensed>thead>tr>th.datepicker-switch
afterFindByBy.cssSelector: div.datepicker-months>table.table.table-condensed>thead>tr>th.datepicker-switch
before FindBY By.cssSelector: div.datepicker-months>table.table.table-condensed>thead>tr>th.prev
afterFindByBy.cssSelector: div.datepicker-months>table.table.table-condensed>thead>tr>th.prev
afterClickOn [[ChromeDriver: chrome on WINDOWS (6f23b60642ec659dc5e441b87fc648fb)] -> css selector: div.datepicker-months>table.table.table-condensed>thead>tr>th.prev]
before FindBY By.cssSelector: div.datepicker-months>table.table.table-condensed>thead>tr>th.datepicker-switch
afterFindByBy.cssSelector: div.datepicker-months>table.table.table-condensed>thead>tr>th.datepicker-switch
before FindBY By.cssSelector: div.datepicker-months>table.table.table-condensed>thead>tr>th.prev
afterFindByBy.cssSelector: div.datepicker-months>table.table.table-condensed>thead>tr>th.prev
afterClickOn [[ChromeDriver: chrome on WINDOWS (6f23b60642ec659dc5e441b87fc648fb)] -> css selector: div.datepicker-months>table.table.table-condensed>thead>tr>th.prev]
before FindBY By.cssSelector: div.datepicker-months>table.table.table-condensed>thead>tr>th.datepicker-switch
afterFindByBy.cssSelector: div.datepicker-months>table.table.table-condensed>thead>tr>th.datepicker-switch
before FindBY By.cssSelector: div.datepicker-months>table.table.table-condensed>thead>tr>th.prev
afterFindByBy.cssSelector: div.datepicker-months>table.table.table-condensed>thead>tr>th.prev
afterClickOn [[ChromeDriver: chrome on WINDOWS (6f23b60642ec659dc5e441b87fc648fb)] -> css selector: div.datepicker-months>table.table.table-condensed>thead>tr>th.prev]
before FindBY By.cssSelector: div.datepicker-months>table.table.table-condensed>thead>tr>th.datepicker-switch
afterFindByBy.cssSelector: div.datepicker-months>table.table.table-condensed>thead>tr>th.datepicker-switch
before FindBY By.cssSelector: div.datepicker-months>table.table.table-condensed>thead>tr>th.prev
afterFindByBy.cssSelector: div.datepicker-months>table.table.table-condensed>thead>tr>th.prev
afterClickOn [[ChromeDriver: chrome on WINDOWS (6f23b60642ec659dc5e441b87fc648fb)] -> css selector: div.datepicker-months>table.table.table-condensed>thead>tr>th.prev]
before FindBY By.cssSelector: div.datepicker-months>table.table.table-condensed>thead>tr>th.datepicker-switch
afterFindByBy.cssSelector: div.datepicker-months>table.table.table-condensed>thead>tr>th.datepicker-switch
before FindBY By.cssSelector: div.datepicker-months>table.table.table-condensed>thead>tr>th.prev
afterFindByBy.cssSelector: div.datepicker-months>table.table.table-condensed>thead>tr>th.prev
afterClickOn [[ChromeDriver: chrome on WINDOWS (6f23b60642ec659dc5e441b87fc648fb)] -> css selector: div.datepicker-months>table.table.table-condensed>thead>tr>th.prev]
before FindBY By.cssSelector: div.datepicker-months>table.table.table-condensed>thead>tr>th.datepicker-switch
afterFindByBy.cssSelector: div.datepicker-months>table.table.table-condensed>thead>tr>th.datepicker-switch
before FindBY By.cssSelector: div.datepicker-months>table.table.table-condensed>thead>tr>th.prev
afterFindByBy.cssSelector: div.datepicker-months>table.table.table-condensed>thead>tr>th.prev
afterClickOn [[ChromeDriver: chrome on WINDOWS (6f23b60642ec659dc5e441b87fc648fb)] -> css selector: div.datepicker-months>table.table.table-condensed>thead>tr>th.prev]
before FindBY By.cssSelector: div.datepicker-months>table.table.table-condensed>thead>tr>th.datepicker-switch
afterFindByBy.cssSelector: div.datepicker-months>table.table.table-condensed>thead>tr>th.datepicker-switch
before FindBY By.cssSelector: div.datepicker-months>table.table.table-condensed>thead>tr>th.prev
afterFindByBy.cssSelector: div.datepicker-months>table.table.table-condensed>thead>tr>th.prev
afterClickOn [[ChromeDriver: chrome on WINDOWS (6f23b60642ec659dc5e441b87fc648fb)] -> css selector: div.datepicker-months>table.table.table-condensed>thead>tr>th.prev]
before FindBY By.cssSelector: div.datepicker-months>table.table.table-condensed>thead>tr>th.datepicker-switch
afterFindByBy.cssSelector: div.datepicker-months>table.table.table-condensed>thead>tr>th.datepicker-switch
before FindBY By.cssSelector: div.datepicker-months>table.table.table-condensed>thead>tr>th.prev
afterFindByBy.cssSelector: div.datepicker-months>table.table.table-condensed>thead>tr>th.prev
afterClickOn [[ChromeDriver: chrome on WINDOWS (6f23b60642ec659dc5e441b87fc648fb)] -> css selector: div.datepicker-months>table.table.table-condensed>thead>tr>th.prev]
before FindBY By.cssSelector: div.datepicker-months>table.table.table-condensed>thead>tr>th.datepicker-switch
afterFindByBy.cssSelector: div.datepicker-months>table.table.table-condensed>thead>tr>th.datepicker-switch
before FindBY By.cssSelector: div.datepicker-months>table.table.table-condensed>thead>tr>th.prev
afterFindByBy.cssSelector: div.datepicker-months>table.table.table-condensed>thead>tr>th.prev
afterClickOn [[ChromeDriver: chrome on WINDOWS (6f23b60642ec659dc5e441b87fc648fb)] -> css selector: div.datepicker-months>table.table.table-condensed>thead>tr>th.prev]
before FindBY By.cssSelector: div.datepicker-months>table.table.table-condensed>thead>tr>th.datepicker-switch
afterFindByBy.cssSelector: div.datepicker-months>table.table.table-condensed>thead>tr>th.datepicker-switch
before FindBY By.cssSelector: div.datepicker-months>table.table.table-condensed>thead>tr>th.prev
afterFindByBy.cssSelector: div.datepicker-months>table.table.table-condensed>thead>tr>th.prev
afterClickOn [[ChromeDriver: chrome on WINDOWS (6f23b60642ec659dc5e441b87fc648fb)] -> css selector: div.datepicker-months>table.table.table-condensed>thead>tr>th.prev]
before FindBY By.cssSelector: div.datepicker-months>table.table.table-condensed>thead>tr>th.datepicker-switch
afterFindByBy.cssSelector: div.datepicker-months>table.table.table-condensed>thead>tr>th.datepicker-switch
before FindBY By.cssSelector: div.datepicker-months>table.table.table-condensed>thead>tr>th.prev
afterFindByBy.cssSelector: div.datepicker-months>table.table.table-condensed>thead>tr>th.prev
afterClickOn [[ChromeDriver: chrome on WINDOWS (6f23b60642ec659dc5e441b87fc648fb)] -> css selector: div.datepicker-months>table.table.table-condensed>thead>tr>th.prev]
before FindBY By.cssSelector: div.datepicker-months>table.table.table-condensed>thead>tr>th.datepicker-switch
afterFindByBy.cssSelector: div.datepicker-months>table.table.table-condensed>thead>tr>th.datepicker-switch
before FindBY By.cssSelector: div.datepicker-months>table.table.table-condensed>thead>tr>th.prev
afterFindByBy.cssSelector: div.datepicker-months>table.table.table-condensed>thead>tr>th.prev
afterClickOn [[ChromeDriver: chrome on WINDOWS (6f23b60642ec659dc5e441b87fc648fb)] -> css selector: div.datepicker-months>table.table.table-condensed>thead>tr>th.prev]
before FindBY By.cssSelector: div.datepicker-months>table.table.table-condensed>thead>tr>th.datepicker-switch
afterFindByBy.cssSelector: div.datepicker-months>table.table.table-condensed>thead>tr>th.datepicker-switch
before FindBY By.cssSelector: div.datepicker-months>table.table.table-condensed>thead>tr>th.prev
afterFindByBy.cssSelector: div.datepicker-months>table.table.table-condensed>thead>tr>th.prev
afterClickOn [[ChromeDriver: chrome on WINDOWS (6f23b60642ec659dc5e441b87fc648fb)] -> css selector: div.datepicker-months>table.table.table-condensed>thead>tr>th.prev]
before FindBY By.cssSelector: div.datepicker-months>table.table.table-condensed>thead>tr>th.datepicker-switch
afterFindByBy.cssSelector: div.datepicker-months>table.table.table-condensed>thead>tr>th.datepicker-switch
before FindBY By.cssSelector: div.datepicker-months>table.table.table-condensed>thead>tr>th.prev
afterFindByBy.cssSelector: div.datepicker-months>table.table.table-condensed>thead>tr>th.prev
afterClickOn [[ChromeDriver: chrome on WINDOWS (6f23b60642ec659dc5e441b87fc648fb)] -> css selector: div.datepicker-months>table.table.table-condensed>thead>tr>th.prev]
before FindBY By.cssSelector: div.datepicker-months>table.table.table-condensed>thead>tr>th.datepicker-switch
afterFindByBy.cssSelector: div.datepicker-months>table.table.table-condensed>thead>tr>th.datepicker-switch
before FindBY By.cssSelector: div.datepicker-months>table.table.table-condensed>thead>tr>th.prev
afterFindByBy.cssSelector: div.datepicker-months>table.table.table-condensed>thead>tr>th.prev
afterClickOn [[ChromeDriver: chrome on WINDOWS (6f23b60642ec659dc5e441b87fc648fb)] -> css selector: div.datepicker-months>table.table.table-condensed>thead>tr>th.prev]
before FindBY By.cssSelector: div.datepicker-months>table.table.table-condensed>thead>tr>th.datepicker-switch
afterFindByBy.cssSelector: div.datepicker-months>table.table.table-condensed>thead>tr>th.datepicker-switch
before FindBY By.cssSelector: div.datepicker-months>table.table.table-condensed>thead>tr>th.prev
afterFindByBy.cssSelector: div.datepicker-months>table.table.table-condensed>thead>tr>th.prev
afterClickOn [[ChromeDriver: chrome on WINDOWS (6f23b60642ec659dc5e441b87fc648fb)] -> css selector: div.datepicker-months>table.table.table-condensed>thead>tr>th.prev]
before FindBY By.cssSelector: div.datepicker-months>table.table.table-condensed>thead>tr>th.datepicker-switch
afterFindByBy.cssSelector: div.datepicker-months>table.table.table-condensed>thead>tr>th.datepicker-switch
before FindBY By.cssSelector: div.datepicker-months>table.table.table-condensed>thead>tr>th.prev
afterFindByBy.cssSelector: div.datepicker-months>table.table.table-condensed>thead>tr>th.prev
afterClickOn [[ChromeDriver: chrome on WINDOWS (6f23b60642ec659dc5e441b87fc648fb)] -> css selector: div.datepicker-months>table.table.table-condensed>thead>tr>th.prev]
before FindBY By.cssSelector: div.datepicker-months>table.table.table-condensed>thead>tr>th.datepicker-switch
afterFindByBy.cssSelector: div.datepicker-months>table.table.table-condensed>thead>tr>th.datepicker-switch
before FindBY By.cssSelector: div.datepicker-months>table.table.table-condensed>thead>tr>th.prev
afterFindByBy.cssSelector: div.datepicker-months>table.table.table-condensed>thead>tr>th.prev
afterClickOn [[ChromeDriver: chrome on WINDOWS (6f23b60642ec659dc5e441b87fc648fb)] -> css selector: div.datepicker-months>table.table.table-condensed>thead>tr>th.prev]
before FindBY By.cssSelector: div.datepicker-months>table.table.table-condensed>thead>tr>th.datepicker-switch
afterFindByBy.cssSelector: div.datepicker-months>table.table.table-condensed>thead>tr>th.datepicker-switch
before FindBY By.cssSelector: div.datepicker-months>table.table.table-condensed>thead>tr>th.prev
afterFindByBy.cssSelector: div.datepicker-months>table.table.table-condensed>thead>tr>th.prev
afterClickOn [[ChromeDriver: chrome on WINDOWS (6f23b60642ec659dc5e441b87fc648fb)] -> css selector: div.datepicker-months>table.table.table-condensed>thead>tr>th.prev]
before FindBY By.cssSelector: div.datepicker-months>table.table.table-condensed>thead>tr>th.datepicker-switch
afterFindByBy.cssSelector: div.datepicker-months>table.table.table-condensed>thead>tr>th.datepicker-switch
before FindBY By.cssSelector: div.datepicker-months>table.table.table-condensed>thead>tr>th.prev
afterFindByBy.cssSelector: div.datepicker-months>table.table.table-condensed>thead>tr>th.prev
afterClickOn [[ChromeDriver: chrome on WINDOWS (6f23b60642ec659dc5e441b87fc648fb)] -> css selector: div.datepicker-months>table.table.table-condensed>thead>tr>th.prev]
before FindBY By.cssSelector: div.datepicker-months>table.table.table-condensed>thead>tr>th.datepicker-switch
afterFindByBy.cssSelector: div.datepicker-months>table.table.table-condensed>thead>tr>th.datepicker-switch
before FindBY By.cssSelector: div.datepicker-months>table.table.table-condensed>thead>tr>th.prev
afterFindByBy.cssSelector: div.datepicker-months>table.table.table-condensed>thead>tr>th.prev
afterClickOn [[ChromeDriver: chrome on WINDOWS (6f23b60642ec659dc5e441b87fc648fb)] -> css selector: div.datepicker-months>table.table.table-condensed>thead>tr>th.prev]
before FindBY By.cssSelector: div.datepicker-months>table.table.table-condensed>thead>tr>th.datepicker-switch
afterFindByBy.cssSelector: div.datepicker-months>table.table.table-condensed>thead>tr>th.datepicker-switch
before FindBY By.cssSelector: div.datepicker-months>table.table.table-condensed>thead>tr>th.prev
afterFindByBy.cssSelector: div.datepicker-months>table.table.table-condensed>thead>tr>th.prev
afterClickOn [[ChromeDriver: chrome on WINDOWS (6f23b60642ec659dc5e441b87fc648fb)] -> css selector: div.datepicker-months>table.table.table-condensed>thead>tr>th.prev]
before FindBY By.cssSelector: div.datepicker-months>table.table.table-condensed>thead>tr>th.datepicker-switch
afterFindByBy.cssSelector: div.datepicker-months>table.table.table-condensed>thead>tr>th.datepicker-switch
before FindBY By.cssSelector: div.datepicker-months>table.table.table-condensed>thead>tr>th.prev
afterFindByBy.cssSelector: div.datepicker-months>table.table.table-condensed>thead>tr>th.prev
afterClickOn [[ChromeDriver: chrome on WINDOWS (6f23b60642ec659dc5e441b87fc648fb)] -> css selector: div.datepicker-months>table.table.table-condensed>thead>tr>th.prev]
before FindBY By.cssSelector: div.datepicker-months>table.table.table-condensed>thead>tr>th.datepicker-switch
afterFindByBy.cssSelector: div.datepicker-months>table.table.table-condensed>thead>tr>th.datepicker-switch
before FindBY By.cssSelector: div.datepicker-months>table.table.table-condensed>thead>tr>th.prev
afterFindByBy.cssSelector: div.datepicker-months>table.table.table-condensed>thead>tr>th.prev
afterClickOn [[ChromeDriver: chrome on WINDOWS (6f23b60642ec659dc5e441b87fc648fb)] -> css selector: div.datepicker-months>table.table.table-condensed>thead>tr>th.prev]
before FindBY By.cssSelector: div.datepicker-months>table.table.table-condensed>thead>tr>th.datepicker-switch
afterFindByBy.cssSelector: div.datepicker-months>table.table.table-condensed>thead>tr>th.datepicker-switch
before FindBY By.cssSelector: div.datepicker-months>table.table.table-condensed>thead>tr>th.prev
afterFindByBy.cssSelector: div.datepicker-months>table.table.table-condensed>thead>tr>th.prev
afterClickOn [[ChromeDriver: chrome on WINDOWS (6f23b60642ec659dc5e441b87fc648fb)] -> css selector: div.datepicker-months>table.table.table-condensed>thead>tr>th.prev]
before FindBY By.cssSelector: div.datepicker-months>table.table.table-condensed>thead>tr>th.datepicker-switch
afterFindByBy.cssSelector: div.datepicker-months>table.table.table-condensed>thead>tr>th.datepicker-switch
before FindBY By.cssSelector: div.datepicker-months>table.table.table-condensed>thead>tr>th.prev
afterFindByBy.cssSelector: div.datepicker-months>table.table.table-condensed>thead>tr>th.prev
afterClickOn [[ChromeDriver: chrome on WINDOWS (6f23b60642ec659dc5e441b87fc648fb)] -> css selector: div.datepicker-months>table.table.table-condensed>thead>tr>th.prev]
before FindBY By.cssSelector: div.datepicker-months>table.table.table-condensed>thead>tr>th.datepicker-switch
afterFindByBy.cssSelector: div.datepicker-months>table.table.table-condensed>thead>tr>th.datepicker-switch
before FindBY By.cssSelector: div.datepicker-months>table.table.table-condensed>thead>tr>th.prev
afterFindByBy.cssSelector: div.datepicker-months>table.table.table-condensed>thead>tr>th.prev
afterClickOn [[ChromeDriver: chrome on WINDOWS (6f23b60642ec659dc5e441b87fc648fb)] -> css selector: div.datepicker-months>table.table.table-condensed>thead>tr>th.prev]
before FindBY By.cssSelector: div.datepicker-months>table.table.table-condensed>thead>tr>th.datepicker-switch
afterFindByBy.cssSelector: div.datepicker-months>table.table.table-condensed>thead>tr>th.datepicker-switch
before FindBY By.cssSelector: div.datepicker-months>table.table.table-condensed>thead>tr>th.prev
afterFindByBy.cssSelector: div.datepicker-months>table.table.table-condensed>thead>tr>th.prev
afterClickOn [[ChromeDriver: chrome on WINDOWS (6f23b60642ec659dc5e441b87fc648fb)] -> css selector: div.datepicker-months>table.table.table-condensed>thead>tr>th.prev]
before FindBY By.cssSelector: div.datepicker-months>table.table.table-condensed>thead>tr>th.datepicker-switch
afterFindByBy.cssSelector: div.datepicker-months>table.table.table-condensed>thead>tr>th.datepicker-switch
before FindBY By.cssSelector: div.datepicker-months>table.table.table-condensed>thead>tr>th.prev
afterFindByBy.cssSelector: div.datepicker-months>table.table.table-condensed>thead>tr>th.prev
afterClickOn [[ChromeDriver: chrome on WINDOWS (6f23b60642ec659dc5e441b87fc648fb)] -> css selector: div.datepicker-months>table.table.table-condensed>thead>tr>th.prev]
before FindBY By.cssSelector: div.datepicker-months>table.table.table-condensed>thead>tr>th.datepicker-switch
afterFindByBy.cssSelector: div.datepicker-months>table.table.table-condensed>thead>tr>th.datepicker-switch
before FindBY By.cssSelector: div.datepicker-months>table.table.table-condensed>thead>tr>th.prev
afterFindByBy.cssSelector: div.datepicker-months>table.table.table-condensed>thead>tr>th.prev
afterClickOn [[ChromeDriver: chrome on WINDOWS (6f23b60642ec659dc5e441b87fc648fb)] -> css selector: div.datepicker-months>table.table.table-condensed>thead>tr>th.prev]
before FindBY By.cssSelector: div.datepicker-months>table.table.table-condensed>thead>tr>th.datepicker-switch
afterFindByBy.cssSelector: div.datepicker-months>table.table.table-condensed>thead>tr>th.datepicker-switch
before FindBY By.cssSelector: span.month
afterFindByBy.cssSelector: span.month
afterClickOn [[ChromeDriver: chrome on WINDOWS (6f23b60642ec659dc5e441b87fc648fb)] -> css selector: span.month]
before FindBY By.cssSelector: div.datepicker-days
afterFindByBy.cssSelector: div.datepicker-days
before FindBY By.xpath: //td[@class='old day']/following::td[@class='day']
afterFindByBy.xpath: //td[@class='old day']/following::td[@class='day']
afterClickOn [[[[ChromeDriver: chrome on WINDOWS (6f23b60642ec659dc5e441b87fc648fb)] -> css selector: div.datepicker-days]] -> xpath: //td[@class='old day']/following::td[@class='day']]
before FindBY By.cssSelector: form#formadd input[name='file']
afterFindByBy.cssSelector: form#formadd input[name='file']
before FindBY By.cssSelector: button.close123
Testcase doneorg.openqa.selenium.NoSuchElementException: no such element: Unable to locate element: {"method":"css selector","selector":"button.close123"}
  (Session info: chrome=114.0.5735.134)
For documentation on this error, please visit: https://selenium.dev/exceptions/#no_such_element
Build info: version: '4.8.1', revision: '8ebccac989'
System info: os.name: 'Windows 10', os.arch: 'amd64', os.version: '10.0', java.version: '11.0.19'
Driver info: org.openqa.selenium.chrome.ChromeDriver
Command: [6f23b60642ec659dc5e441b87fc648fb, findElement {using=css selector, value=button.close123}]
Capabilities {acceptInsecureCerts: false, browserName: chrome, browserVersion: 114.0.5735.134, chrome: {chromedriverVersion: 114.0.5735.90 (386bc09e8f4f..., userDataDir: C:\Users\Admin\AppData\Loca...}, goog:chromeOptions: {debuggerAddress: localhost:50889}, networkConnectionEnabled: false, pageLoadStrategy: normal, platformName: WINDOWS, proxy: Proxy(), se:cdp: ws://localhost:50889/devtoo..., se:cdpVersion: 114.0.5735.134, setWindowRect: true, strictFileInteractability: false, timeouts: {implicit: 0, pageLoad: 300000, script: 30000}, unhandledPromptBehavior: dismiss and notify, webauthn:extension:credBlob: true, webauthn:extension:largeBlob: true, webauthn:extension:minPinLength: true, webauthn:extension:prf: true, webauthn:virtualAuthenticators: true}
Session ID: 6f23b60642ec659dc5e441b87fc648fb
Testcase doneChromeDriver: chrome on WINDOWS (6f23b60642ec659dc5e441b87fc648fb)
]]></system-out>
    <system-err><![CDATA[Starting ChromeDriver 114.0.5735.90 (386bc09e8f4f2e025eddae123f36f6263096ae49-refs/branch-heads/5735@{#1052}) on port 34606
Only local connections are allowed.
Please see https://chromedriver.chromium.org/security-considerations for suggestions on keeping ChromeDriver safe.
ChromeDriver was started successfully.
Jun 19, 2023 12:01:32 PM org.openqa.selenium.devtools.CdpVersionFinder findNearestMatch
WARNING: Unable to find an exact match for CDP version 114, so returning the closest version found: 110
]]></system-err>
  </testcase>
</testsuite>