<?xml version="1.0" encoding="UTF-8"?>
<!-- Generated by org.testng.reporters.JUnitReportReporter -->
<testsuite hostname="DESKTOP-JH4MHNO" failures="0" tests="1" name="HMSAdmin.Vistortest" time="0.000" errors="0" timestamp="2023-06-15T15:53:36 IST" skipped="1">
  <testcase classname="HMSAdmin.Vistortest" name="vistordetailstest" time="0.000">
    <skipped/>
  </testcase> <!-- vistordetailstest -->
  <system-out/>
</testsuite> <!-- HMSAdmin.Vistortest -->
