<?xml version="1.0" encoding="UTF-8"?>
<!-- Generated by org.testng.reporters.JUnitReportReporter -->
<testsuite hostname="GiriLaptop" failures="0" tests="1" name="HMSAdmin.SampleTest" time="7.926" errors="0" timestamp="2023-04-13T16:08:41 IST" skipped="0">
  <testcase classname="HMSAdmin.SampleTest" name="f" time="7.926"/>
  <system-out/>
</testsuite> <!-- HMSAdmin.SampleTest -->
