<?xml version="1.0" encoding="UTF-8"?>
<!-- Generated by org.testng.reporters.JUnitReportReporter -->
<testsuite hostname="DESKTOP-JH4MHNO" failures="0" tests="1" name="HMSAdmin.FrontooficeTest" time="23.025" errors="0" timestamp="2023-06-19T12:03:20 IST" skipped="0">
  <testcase classname="HMSAdmin.FrontooficeTest" name="frontofficetest" time="23.025"/>
  <system-out/>
</testsuite> <!-- HMSAdmin.FrontooficeTest -->
