<?xml version="1.0" encoding="UTF-8"?>
<!-- Generated by org.testng.reporters.JUnitReportReporter -->
<testsuite hostname="DESKTOP-JH4MHNO" failures="0" tests="1" name="HMSAdmin.LoginTest" time="22.889" errors="0" timestamp="2023-06-19T12:03:20 IST" skipped="0">
  <testcase classname="HMSAdmin.LoginTest" name="loginhmstest" time="22.889"/>
  <system-out/>
</testsuite> <!-- HMSAdmin.LoginTest -->
